[ 2019-04-11T11:47:00+08:00 ] ::1 /book/
INFO: [ app_init ] --START--
INFO: Run Behavior\BuildLiteBehavior [ RunTime:0.000008s ]
INFO: [ app_init ] --END-- [ RunTime:0.000295s ]
INFO: [ app_begin ] --START--
INFO: Run Behavior\ReadHtmlCacheBehavior [ RunTime:0.000276s ]
INFO: [ app_begin ] --END-- [ RunTime:0.000292s ]
SQL: SHOW COLUMNS FROM `n_wechat` [ RunTime:0.0012s ]
SQL: SELECT * FROM `n_wechat` WHERE `weburl` = 'localhost' LIMIT 1   [ RunTime:0.0004s ]
SQL: SHOW COLUMNS FROM `n_user` [ RunTime:0.0007s ]
NOTIC: [8] Undefined index: id /Users/henry/Sites/book/Application/Home/Controller/IndexController.class.php 第 225 行.
SQL: SELECT * FROM `n_user` WHERE `id` = null LIMIT 1   [ RunTime:0.0003s ]
NOTIC: [8] Undefined index: id /Users/henry/Sites/book/Application/Home/Controller/IndexController.class.php 第 12 行.
SQL: SELECT * FROM `n_user` WHERE `id` = null LIMIT 1   [ RunTime:0.0001s ]
SQL: SHOW COLUMNS FROM `n_book` [ RunTime:0.0007s ]
SQL: SELECT * FROM `n_book` WHERE `eic` = 2 LIMIT 1   [ RunTime:0.0003s ]
SQL: SELECT * FROM `n_book` WHERE `eic` = 2 LIMIT 1,1   [ RunTime:0.0002s ]
SQL: SELECT * FROM `n_book` WHERE `eic` = 2 LIMIT 2,2   [ RunTime:0.0002s ]
NOTIC: [8] Undefined offset: 0 /Users/henry/Sites/book/Application/Home/Controller/IndexController.class.php 第 20 行.
NOTIC: [8] Undefined offset: 0 /Users/henry/Sites/book/Application/Home/Controller/IndexController.class.php 第 21 行.
SQL: SELECT * FROM `n_book` WHERE `sex` = 1 AND `show` = 2 LIMIT 1   [ RunTime:0.0002s ]
SQL: SELECT * FROM `n_book` WHERE `sex` = 1 AND `show` = 2 LIMIT 1,1   [ RunTime:0.0002s ]
SQL: SELECT * FROM `n_book` WHERE `sex` = 1 AND `show` = 2 LIMIT 2,1   [ RunTime:0.0002s ]
SQL: SELECT * FROM `n_book` WHERE `sex` = 1 AND `show` = 2 LIMIT 3,1   [ RunTime:0.0002s ]
SQL: SELECT * FROM `n_book` WHERE `sex` = 1 AND `show` = 2 LIMIT 4,1   [ RunTime:0.0001s ]
SQL: SELECT * FROM `n_book` WHERE `sex` = 1 AND `show` = 2 LIMIT 5,1   [ RunTime:0.0002s ]
SQL: SELECT * FROM `n_book` WHERE `sex` = 1 AND `show` = 2 LIMIT 6,1   [ RunTime:0.0001s ]
SQL: SELECT * FROM `n_book` WHERE `sex` = 2 AND `show` = 2 LIMIT 1   [ RunTime:0.0002s ]
SQL: SELECT * FROM `n_book` WHERE `sex` = 2 AND `show` = 2 LIMIT 1,1   [ RunTime:0.0001s ]
SQL: SELECT * FROM `n_book` WHERE `sex` = 2 AND `show` = 2 LIMIT 2,1   [ RunTime:0.0002s ]
SQL: SELECT * FROM `n_book` WHERE `sex` = 2 AND `show` = 2 LIMIT 3,1   [ RunTime:0.0002s ]
SQL: SELECT * FROM `n_book` WHERE `sex` = 2 AND `show` = 2 LIMIT 4,1   [ RunTime:0.0003s ]
SQL: SELECT * FROM `n_book` WHERE `sex` = 2 AND `show` = 2 LIMIT 5,1   [ RunTime:0.0003s ]
SQL: SELECT * FROM `n_book` WHERE `sex` = 2 AND `show` = 2 LIMIT 6,1   [ RunTime:0.0002s ]
NOTIC: [8] Undefined offset: 0 /Users/henry/Sites/book/Application/Home/Controller/IndexController.class.php 第 36 行.
NOTIC: [8] Undefined offset: 0 /Users/henry/Sites/book/Application/Home/Controller/IndexController.class.php 第 37 行.
NOTIC: [8] Undefined offset: 0 /Users/henry/Sites/book/Application/Home/Controller/IndexController.class.php 第 38 行.
NOTIC: [8] Undefined offset: 0 /Users/henry/Sites/book/Application/Home/Controller/IndexController.class.php 第 39 行.
NOTIC: [8] Undefined offset: 0 /Users/henry/Sites/book/Application/Home/Controller/IndexController.class.php 第 40 行.
NOTIC: [8] Undefined offset: 0 /Users/henry/Sites/book/Application/Home/Controller/IndexController.class.php 第 41 行.
NOTIC: [8] Undefined offset: 0 /Users/henry/Sites/book/Application/Home/Controller/IndexController.class.php 第 43 行.
NOTIC: [8] Undefined offset: 0 /Users/henry/Sites/book/Application/Home/Controller/IndexController.class.php 第 44 行.
NOTIC: [8] Undefined offset: 0 /Users/henry/Sites/book/Application/Home/Controller/IndexController.class.php 第 45 行.
NOTIC: [8] Undefined offset: 0 /Users/henry/Sites/book/Application/Home/Controller/IndexController.class.php 第 46 行.
NOTIC: [8] Undefined offset: 0 /Users/henry/Sites/book/Application/Home/Controller/IndexController.class.php 第 47 行.
NOTIC: [8] Undefined offset: 0 /Users/henry/Sites/book/Application/Home/Controller/IndexController.class.php 第 48 行.
SQL: SHOW COLUMNS FROM `n_history` [ RunTime:0.0007s ]
SQL: SELECT n_history.*,n_book.title AS btitle FROM `n_history` LEFT JOIN n_book ON n_book.id = n_history.biid  WHERE `uid` = null ORDER BY time DESC LIMIT 1   [ RunTime:0.0099s ]
SQL: SELECT * FROM `n_wechat` WHERE `weburl` = 'localhost' LIMIT 1   [ RunTime:0.0003s ]
INFO: [ view_parse ] --START--
INFO: [ template_filter ] --START--
INFO: Run Behavior\ContentReplaceBehavior [ RunTime:0.000114s ]
INFO: [ template_filter ] --END-- [ RunTime:0.000136s ]
INFO: Run Behavior\ParseTemplateBehavior [ RunTime:0.007528s ]
INFO: [ view_parse ] --END-- [ RunTime:0.007549s ]
INFO: [ view_filter ] --START--
INFO: Run Behavior\WriteHtmlCacheBehavior [ RunTime:0.000146s ]
INFO: [ view_filter ] --END-- [ RunTime:0.000157s ]
INFO: [ app_end ] --START--
INFO: Run Behavior\ShowPageTraceBehavior [ RunTime:0.000314s ]
INFO: [ app_end ] --END-- [ RunTime:0.000327s ]

[ 2019-04-11T11:47:39+08:00 ] ::1 /book/
INFO: [ app_init ] --START--
INFO: Run Behavior\BuildLiteBehavior [ RunTime:0.000022s ]
INFO: [ app_init ] --END-- [ RunTime:0.000470s ]
INFO: [ app_begin ] --START--
INFO: Run Behavior\ReadHtmlCacheBehavior [ RunTime:0.000313s ]
INFO: [ app_begin ] --END-- [ RunTime:0.000334s ]
SQL: SHOW COLUMNS FROM `n_user` [ RunTime:0.0012s ]
NOTIC: [8] Undefined index: id /Users/henry/Sites/book/Application/Home/Controller/IndexController.class.php 第 225 行.
SQL: SELECT * FROM `n_user` WHERE `id` = null LIMIT 1   [ RunTime:0.0004s ]
NOTIC: [8] Undefined index: id /Users/henry/Sites/book/Application/Home/Controller/IndexController.class.php 第 12 行.
SQL: SELECT * FROM `n_user` WHERE `id` = null LIMIT 1   [ RunTime:0.0002s ]
SQL: SHOW COLUMNS FROM `n_book` [ RunTime:0.0008s ]
SQL: SELECT * FROM `n_book` WHERE `eic` = 2 LIMIT 1   [ RunTime:0.0005s ]
SQL: SELECT * FROM `n_book` WHERE `eic` = 2 LIMIT 1,1   [ RunTime:0.0002s ]
SQL: SELECT * FROM `n_book` WHERE `eic` = 2 LIMIT 2,2   [ RunTime:0.0002s ]
NOTIC: [8] Undefined offset: 0 /Users/henry/Sites/book/Application/Home/Controller/IndexController.class.php 第 20 行.
NOTIC: [8] Undefined offset: 0 /Users/henry/Sites/book/Application/Home/Controller/IndexController.class.php 第 21 行.
SQL: SELECT * FROM `n_book` WHERE `sex` = 1 AND `show` = 2 LIMIT 1   [ RunTime:0.0002s ]
SQL: SELECT * FROM `n_book` WHERE `sex` = 1 AND `show` = 2 LIMIT 1,1   [ RunTime:0.0002s ]
SQL: SELECT * FROM `n_book` WHERE `sex` = 1 AND `show` = 2 LIMIT 2,1   [ RunTime:0.0001s ]
SQL: SELECT * FROM `n_book` WHERE `sex` = 1 AND `show` = 2 LIMIT 3,1   [ RunTime:0.0002s ]
SQL: SELECT * FROM `n_book` WHERE `sex` = 1 AND `show` = 2 LIMIT 4,1   [ RunTime:0.0001s ]
SQL: SELECT * FROM `n_book` WHERE `sex` = 1 AND `show` = 2 LIMIT 5,1   [ RunTime:0.0002s ]
SQL: SELECT * FROM `n_book` WHERE `sex` = 1 AND `show` = 2 LIMIT 6,1   [ RunTime:0.0001s ]
SQL: SELECT * FROM `n_book` WHERE `sex` = 2 AND `show` = 2 LIMIT 1   [ RunTime:0.0002s ]
SQL: SELECT * FROM `n_book` WHERE `sex` = 2 AND `show` = 2 LIMIT 1,1   [ RunTime:0.0001s ]
SQL: SELECT * FROM `n_book` WHERE `sex` = 2 AND `show` = 2 LIMIT 2,1   [ RunTime:0.0001s ]
SQL: SELECT * FROM `n_book` WHERE `sex` = 2 AND `show` = 2 LIMIT 3,1   [ RunTime:0.0001s ]
SQL: SELECT * FROM `n_book` WHERE `sex` = 2 AND `show` = 2 LIMIT 4,1   [ RunTime:0.0001s ]
SQL: SELECT * FROM `n_book` WHERE `sex` = 2 AND `show` = 2 LIMIT 5,1   [ RunTime:0.0001s ]
SQL: SELECT * FROM `n_book` WHERE `sex` = 2 AND `show` = 2 LIMIT 6,1   [ RunTime:0.0002s ]
NOTIC: [8] Undefined offset: 0 /Users/henry/Sites/book/Application/Home/Controller/IndexController.class.php 第 36 行.
NOTIC: [8] Undefined offset: 0 /Users/henry/Sites/book/Application/Home/Controller/IndexController.class.php 第 37 行.
NOTIC: [8] Undefined offset: 0 /Users/henry/Sites/book/Application/Home/Controller/IndexController.class.php 第 38 行.
NOTIC: [8] Undefined offset: 0 /Users/henry/Sites/book/Application/Home/Controller/IndexController.class.php 第 39 行.
NOTIC: [8] Undefined offset: 0 /Users/henry/Sites/book/Application/Home/Controller/IndexController.class.php 第 40 行.
NOTIC: [8] Undefined offset: 0 /Users/henry/Sites/book/Application/Home/Controller/IndexController.class.php 第 41 行.
NOTIC: [8] Undefined offset: 0 /Users/henry/Sites/book/Application/Home/Controller/IndexController.class.php 第 43 行.
NOTIC: [8] Undefined offset: 0 /Users/henry/Sites/book/Application/Home/Controller/IndexController.class.php 第 44 行.
NOTIC: [8] Undefined offset: 0 /Users/henry/Sites/book/Application/Home/Controller/IndexController.class.php 第 45 行.
NOTIC: [8] Undefined offset: 0 /Users/henry/Sites/book/Application/Home/Controller/IndexController.class.php 第 46 行.
NOTIC: [8] Undefined offset: 0 /Users/henry/Sites/book/Application/Home/Controller/IndexController.class.php 第 47 行.
NOTIC: [8] Undefined offset: 0 /Users/henry/Sites/book/Application/Home/Controller/IndexController.class.php 第 48 行.
SQL: SHOW COLUMNS FROM `n_history` [ RunTime:0.0011s ]
SQL: SELECT n_history.*,n_book.title AS btitle FROM `n_history` LEFT JOIN n_book ON n_book.id = n_history.biid  WHERE `uid` = null ORDER BY time DESC LIMIT 1   [ RunTime:0.0102s ]
SQL: SHOW COLUMNS FROM `n_wechat` [ RunTime:0.0009s ]
SQL: SELECT * FROM `n_wechat` WHERE `weburl` = 'localhost' LIMIT 1   [ RunTime:0.0004s ]
INFO: [ view_parse ] --START--
INFO: [ template_filter ] --START--
INFO: Run Behavior\ContentReplaceBehavior [ RunTime:0.000172s ]
INFO: [ template_filter ] --END-- [ RunTime:0.000191s ]
INFO: Run Behavior\ParseTemplateBehavior [ RunTime:0.007169s ]
INFO: [ view_parse ] --END-- [ RunTime:0.007185s ]
INFO: [ view_filter ] --START--
INFO: Run Behavior\WriteHtmlCacheBehavior [ RunTime:0.000108s ]
INFO: [ view_filter ] --END-- [ RunTime:0.000118s ]
INFO: [ app_end ] --START--
INFO: Run Behavior\ShowPageTraceBehavior [ RunTime:0.000273s ]
INFO: [ app_end ] --END-- [ RunTime:0.000285s ]

[ 2019-04-11T13:01:00+08:00 ] ::1 /book/
INFO: [ app_init ] --START--
INFO: Run Behavior\BuildLiteBehavior [ RunTime:0.000010s ]
INFO: [ app_init ] --END-- [ RunTime:0.000533s ]
INFO: [ app_begin ] --START--
INFO: Run Behavior\ReadHtmlCacheBehavior [ RunTime:0.000764s ]
INFO: [ app_begin ] --END-- [ RunTime:0.000788s ]
SQL: SHOW COLUMNS FROM `n_user` [ RunTime:0.0061s ]
NOTIC: [8] Undefined index: id /Users/henry/Sites/book/Application/Home/Controller/IndexController.class.php 第 225 行.
SQL: SELECT * FROM `n_user` WHERE `id` = null LIMIT 1   [ RunTime:0.0017s ]
NOTIC: [8] Undefined index: id /Users/henry/Sites/book/Application/Home/Controller/IndexController.class.php 第 12 行.
SQL: SELECT * FROM `n_user` WHERE `id` = null LIMIT 1   [ RunTime:0.0002s ]
SQL: SHOW COLUMNS FROM `n_book` [ RunTime:0.0011s ]
SQL: SELECT * FROM `n_book` WHERE `eic` = 2 LIMIT 1   [ RunTime:0.0004s ]
SQL: SELECT * FROM `n_book` WHERE `eic` = 2 LIMIT 1,1   [ RunTime:0.0001s ]
SQL: SELECT * FROM `n_book` WHERE `eic` = 2 LIMIT 2,2   [ RunTime:0.0002s ]
NOTIC: [8] Undefined offset: 0 /Users/henry/Sites/book/Application/Home/Controller/IndexController.class.php 第 20 行.
NOTIC: [8] Undefined offset: 0 /Users/henry/Sites/book/Application/Home/Controller/IndexController.class.php 第 21 行.
SQL: SELECT * FROM `n_book` WHERE `sex` = 1 AND `show` = 2 LIMIT 1   [ RunTime:0.0002s ]
SQL: SELECT * FROM `n_book` WHERE `sex` = 1 AND `show` = 2 LIMIT 1,1   [ RunTime:0.0002s ]
SQL: SELECT * FROM `n_book` WHERE `sex` = 1 AND `show` = 2 LIMIT 2,1   [ RunTime:0.0001s ]
SQL: SELECT * FROM `n_book` WHERE `sex` = 1 AND `show` = 2 LIMIT 3,1   [ RunTime:0.0001s ]
SQL: SELECT * FROM `n_book` WHERE `sex` = 1 AND `show` = 2 LIMIT 4,1   [ RunTime:0.0001s ]
SQL: SELECT * FROM `n_book` WHERE `sex` = 1 AND `show` = 2 LIMIT 5,1   [ RunTime:0.0001s ]
SQL: SELECT * FROM `n_book` WHERE `sex` = 1 AND `show` = 2 LIMIT 6,1   [ RunTime:0.0001s ]
SQL: SELECT * FROM `n_book` WHERE `sex` = 2 AND `show` = 2 LIMIT 1   [ RunTime:0.0002s ]
SQL: SELECT * FROM `n_book` WHERE `sex` = 2 AND `show` = 2 LIMIT 1,1   [ RunTime:0.0002s ]
SQL: SELECT * FROM `n_book` WHERE `sex` = 2 AND `show` = 2 LIMIT 2,1   [ RunTime:0.0002s ]
SQL: SELECT * FROM `n_book` WHERE `sex` = 2 AND `show` = 2 LIMIT 3,1   [ RunTime:0.0001s ]
SQL: SELECT * FROM `n_book` WHERE `sex` = 2 AND `show` = 2 LIMIT 4,1   [ RunTime:0.0001s ]
SQL: SELECT * FROM `n_book` WHERE `sex` = 2 AND `show` = 2 LIMIT 5,1   [ RunTime:0.0001s ]
SQL: SELECT * FROM `n_book` WHERE `sex` = 2 AND `show` = 2 LIMIT 6,1   [ RunTime:0.0001s ]
NOTIC: [8] Undefined offset: 0 /Users/henry/Sites/book/Application/Home/Controller/IndexController.class.php 第 36 行.
NOTIC: [8] Undefined offset: 0 /Users/henry/Sites/book/Application/Home/Controller/IndexController.class.php 第 37 行.
NOTIC: [8] Undefined offset: 0 /Users/henry/Sites/book/Application/Home/Controller/IndexController.class.php 第 38 行.
NOTIC: [8] Undefined offset: 0 /Users/henry/Sites/book/Application/Home/Controller/IndexController.class.php 第 39 行.
NOTIC: [8] Undefined offset: 0 /Users/henry/Sites/book/Application/Home/Controller/IndexController.class.php 第 40 行.
NOTIC: [8] Undefined offset: 0 /Users/henry/Sites/book/Application/Home/Controller/IndexController.class.php 第 41 行.
NOTIC: [8] Undefined offset: 0 /Users/henry/Sites/book/Application/Home/Controller/IndexController.class.php 第 43 行.
NOTIC: [8] Undefined offset: 0 /Users/henry/Sites/book/Application/Home/Controller/IndexController.class.php 第 44 行.
NOTIC: [8] Undefined offset: 0 /Users/henry/Sites/book/Application/Home/Controller/IndexController.class.php 第 45 行.
NOTIC: [8] Undefined offset: 0 /Users/henry/Sites/book/Application/Home/Controller/IndexController.class.php 第 46 行.
NOTIC: [8] Undefined offset: 0 /Users/henry/Sites/book/Application/Home/Controller/IndexController.class.php 第 47 行.
NOTIC: [8] Undefined offset: 0 /Users/henry/Sites/book/Application/Home/Controller/IndexController.class.php 第 48 行.
SQL: SHOW COLUMNS FROM `n_history` [ RunTime:0.0008s ]
SQL: SELECT n_history.*,n_book.title AS btitle FROM `n_history` LEFT JOIN n_book ON n_book.id = n_history.biid  WHERE `uid` = null ORDER BY time DESC LIMIT 1   [ RunTime:0.0114s ]
SQL: SHOW COLUMNS FROM `n_wechat` [ RunTime:0.0016s ]
SQL: SELECT * FROM `n_wechat` WHERE `weburl` = 'localhost' LIMIT 1   [ RunTime:0.0006s ]
INFO: [ view_parse ] --START--
INFO: [ template_filter ] --START--
INFO: Run Behavior\ContentReplaceBehavior [ RunTime:0.000119s ]
INFO: [ template_filter ] --END-- [ RunTime:0.000141s ]
INFO: Run Behavior\ParseTemplateBehavior [ RunTime:0.010627s ]
INFO: [ view_parse ] --END-- [ RunTime:0.010652s ]
INFO: [ view_filter ] --START--
INFO: Run Behavior\WriteHtmlCacheBehavior [ RunTime:0.000455s ]
INFO: [ view_filter ] --END-- [ RunTime:0.000468s ]
INFO: [ app_end ] --START--
INFO: Run Behavior\ShowPageTraceBehavior [ RunTime:0.000713s ]
INFO: [ app_end ] --END-- [ RunTime:0.000754s ]

[ 2019-04-11T13:04:02+08:00 ] ::1 /book/
INFO: [ app_init ] --START--
INFO: Run Behavior\BuildLiteBehavior [ RunTime:0.000014s ]
INFO: [ app_init ] --END-- [ RunTime:0.000667s ]
INFO: [ app_begin ] --START--
INFO: Run Behavior\ReadHtmlCacheBehavior [ RunTime:0.000646s ]
INFO: [ app_begin ] --END-- [ RunTime:0.000668s ]
SQL: SHOW COLUMNS FROM `n_user` [ RunTime:0.0015s ]
NOTIC: [8] Undefined index: id /Users/henry/Sites/book/Application/Home/Controller/IndexController.class.php 第 225 行.
SQL: SELECT * FROM `n_user` WHERE `id` = null LIMIT 1   [ RunTime:0.0006s ]
NOTIC: [8] Undefined index: id /Users/henry/Sites/book/Application/Home/Controller/IndexController.class.php 第 12 行.
SQL: SELECT * FROM `n_user` WHERE `id` = null LIMIT 1   [ RunTime:0.0002s ]
SQL: SHOW COLUMNS FROM `n_book` [ RunTime:0.0009s ]
SQL: SELECT * FROM `n_book` WHERE `eic` = 2 LIMIT 1   [ RunTime:0.0007s ]
SQL: SELECT * FROM `n_book` WHERE `eic` = 2 LIMIT 1,1   [ RunTime:0.0004s ]
SQL: SELECT * FROM `n_book` WHERE `eic` = 2 LIMIT 2,2   [ RunTime:0.0004s ]
NOTIC: [8] Undefined offset: 0 /Users/henry/Sites/book/Application/Home/Controller/IndexController.class.php 第 20 行.
NOTIC: [8] Undefined offset: 0 /Users/henry/Sites/book/Application/Home/Controller/IndexController.class.php 第 21 行.
SQL: SELECT * FROM `n_book` WHERE `sex` = 1 AND `show` = 2 LIMIT 1   [ RunTime:0.0003s ]
SQL: SELECT * FROM `n_book` WHERE `sex` = 1 AND `show` = 2 LIMIT 1,1   [ RunTime:0.0002s ]
SQL: SELECT * FROM `n_book` WHERE `sex` = 1 AND `show` = 2 LIMIT 2,1   [ RunTime:0.0002s ]
SQL: SELECT * FROM `n_book` WHERE `sex` = 1 AND `show` = 2 LIMIT 3,1   [ RunTime:0.0002s ]
SQL: SELECT * FROM `n_book` WHERE `sex` = 1 AND `show` = 2 LIMIT 4,1   [ RunTime:0.0004s ]
SQL: SELECT * FROM `n_book` WHERE `sex` = 1 AND `show` = 2 LIMIT 5,1   [ RunTime:0.0003s ]
SQL: SELECT * FROM `n_book` WHERE `sex` = 1 AND `show` = 2 LIMIT 6,1   [ RunTime:0.0003s ]
SQL: SELECT * FROM `n_book` WHERE `sex` = 2 AND `show` = 2 LIMIT 1   [ RunTime:0.0002s ]
SQL: SELECT * FROM `n_book` WHERE `sex` = 2 AND `show` = 2 LIMIT 1,1   [ RunTime:0.0002s ]
SQL: SELECT * FROM `n_book` WHERE `sex` = 2 AND `show` = 2 LIMIT 2,1   [ RunTime:0.0002s ]
SQL: SELECT * FROM `n_book` WHERE `sex` = 2 AND `show` = 2 LIMIT 3,1   [ RunTime:0.0002s ]
SQL: SELECT * FROM `n_book` WHERE `sex` = 2 AND `show` = 2 LIMIT 4,1   [ RunTime:0.0002s ]
SQL: SELECT * FROM `n_book` WHERE `sex` = 2 AND `show` = 2 LIMIT 5,1   [ RunTime:0.0002s ]
SQL: SELECT * FROM `n_book` WHERE `sex` = 2 AND `show` = 2 LIMIT 6,1   [ RunTime:0.0002s ]
NOTIC: [8] Undefined offset: 0 /Users/henry/Sites/book/Application/Home/Controller/IndexController.class.php 第 36 行.
NOTIC: [8] Undefined offset: 0 /Users/henry/Sites/book/Application/Home/Controller/IndexController.class.php 第 37 行.
NOTIC: [8] Undefined offset: 0 /Users/henry/Sites/book/Application/Home/Controller/IndexController.class.php 第 38 行.
NOTIC: [8] Undefined offset: 0 /Users/henry/Sites/book/Application/Home/Controller/IndexController.class.php 第 39 行.
NOTIC: [8] Undefined offset: 0 /Users/henry/Sites/book/Application/Home/Controller/IndexController.class.php 第 40 行.
NOTIC: [8] Undefined offset: 0 /Users/henry/Sites/book/Application/Home/Controller/IndexController.class.php 第 41 行.
NOTIC: [8] Undefined offset: 0 /Users/henry/Sites/book/Application/Home/Controller/IndexController.class.php 第 43 行.
NOTIC: [8] Undefined offset: 0 /Users/henry/Sites/book/Application/Home/Controller/IndexController.class.php 第 44 行.
NOTIC: [8] Undefined offset: 0 /Users/henry/Sites/book/Application/Home/Controller/IndexController.class.php 第 45 行.
NOTIC: [8] Undefined offset: 0 /Users/henry/Sites/book/Application/Home/Controller/IndexController.class.php 第 46 行.
NOTIC: [8] Undefined offset: 0 /Users/henry/Sites/book/Application/Home/Controller/IndexController.class.php 第 47 行.
NOTIC: [8] Undefined offset: 0 /Users/henry/Sites/book/Application/Home/Controller/IndexController.class.php 第 48 行.
SQL: SHOW COLUMNS FROM `n_history` [ RunTime:0.0016s ]
SQL: SELECT n_history.*,n_book.title AS btitle FROM `n_history` LEFT JOIN n_book ON n_book.id = n_history.biid  WHERE `uid` = null ORDER BY time DESC LIMIT 1   [ RunTime:0.0107s ]
SQL: SHOW COLUMNS FROM `n_wechat` [ RunTime:0.0009s ]
SQL: SELECT * FROM `n_wechat` WHERE `weburl` = 'localhost' LIMIT 1   [ RunTime:0.0013s ]
INFO: [ view_parse ] --START--
INFO: [ template_filter ] --START--
INFO: Run Behavior\ContentReplaceBehavior [ RunTime:0.000150s ]
INFO: [ template_filter ] --END-- [ RunTime:0.000197s ]
INFO: Run Behavior\ParseTemplateBehavior [ RunTime:0.014682s ]
INFO: [ view_parse ] --END-- [ RunTime:0.014701s ]
INFO: [ view_filter ] --START--
INFO: Run Behavior\WriteHtmlCacheBehavior [ RunTime:0.000488s ]
INFO: [ view_filter ] --END-- [ RunTime:0.000512s ]
INFO: [ app_end ] --START--
INFO: Run Behavior\ShowPageTraceBehavior [ RunTime:0.001140s ]
INFO: [ app_end ] --END-- [ RunTime:0.001196s ]

[ 2019-04-11T13:04:05+08:00 ] ::1 /book/Home/Book/book_type.html
INFO: [ app_init ] --START--
INFO: Run Behavior\BuildLiteBehavior [ RunTime:0.000009s ]
INFO: [ app_init ] --END-- [ RunTime:0.000220s ]
INFO: [ app_begin ] --START--
INFO: Run Behavior\ReadHtmlCacheBehavior [ RunTime:0.000238s ]
INFO: [ app_begin ] --END-- [ RunTime:0.000261s ]
NOTIC: [8] Undefined index: tid /Users/henry/Sites/book/Application/Home/Controller/BookController.class.php 第 10 行.
NOTIC: [8] Undefined index: sex /Users/henry/Sites/book/Application/Home/Controller/BookController.class.php 第 11 行.
NOTIC: [8] Undefined index: state /Users/henry/Sites/book/Application/Home/Controller/BookController.class.php 第 12 行.
SQL: SHOW COLUMNS FROM `n_type` [ RunTime:0.0033s ]
SQL: SHOW COLUMNS FROM `n_book` [ RunTime:0.0008s ]
SQL: SELECT * FROM `n_type` ORDER BY id asc  [ RunTime:0.0037s ]
SQL: SELECT * FROM `n_type` WHERE `id` = null LIMIT 1   [ RunTime:0.0007s ]
SQL: SELECT n_book.*,n_type.name AS typetitle FROM `n_book` LEFT JOIN n_type ON n_type.id = n_book.tid  ORDER BY id desc LIMIT 10   [ RunTime:0.0033s ]
SQL: SELECT `id` FROM `n_book` ORDER BY id desc  [ RunTime:0.0002s ]
INFO: [ view_parse ] --START--
INFO: [ template_filter ] --START--
INFO: Run Behavior\ContentReplaceBehavior [ RunTime:0.000069s ]
INFO: [ template_filter ] --END-- [ RunTime:0.000090s ]
INFO: Run Behavior\ParseTemplateBehavior [ RunTime:0.010402s ]
INFO: [ view_parse ] --END-- [ RunTime:0.010438s ]
INFO: [ view_filter ] --START--
INFO: Run Behavior\WriteHtmlCacheBehavior [ RunTime:0.000187s ]
INFO: [ view_filter ] --END-- [ RunTime:0.000201s ]
INFO: [ app_end ] --START--
INFO: Run Behavior\ShowPageTraceBehavior [ RunTime:0.000326s ]
INFO: [ app_end ] --END-- [ RunTime:0.000341s ]

[ 2019-04-11T13:04:10+08:00 ] ::1 /book/Home/Book/book_type.html
INFO: [ app_init ] --START--
INFO: Run Behavior\BuildLiteBehavior [ RunTime:0.000009s ]
INFO: [ app_init ] --END-- [ RunTime:0.000312s ]
INFO: [ app_begin ] --START--
INFO: Run Behavior\ReadHtmlCacheBehavior [ RunTime:0.000404s ]
INFO: [ app_begin ] --END-- [ RunTime:0.000459s ]
NOTIC: [8] Undefined index: tid /Users/henry/Sites/book/Application/Home/Controller/BookController.class.php 第 10 行.
NOTIC: [8] Undefined index: sex /Users/henry/Sites/book/Application/Home/Controller/BookController.class.php 第 11 行.
NOTIC: [8] Undefined index: state /Users/henry/Sites/book/Application/Home/Controller/BookController.class.php 第 12 行.
SQL: SHOW COLUMNS FROM `n_type` [ RunTime:0.0052s ]
SQL: SHOW COLUMNS FROM `n_book` [ RunTime:0.0009s ]
SQL: SELECT * FROM `n_type` ORDER BY id asc  [ RunTime:0.0006s ]
SQL: SELECT * FROM `n_type` WHERE `id` = null LIMIT 1   [ RunTime:0.0002s ]
SQL: SELECT n_book.*,n_type.name AS typetitle FROM `n_book` LEFT JOIN n_type ON n_type.id = n_book.tid  ORDER BY id desc LIMIT 10   [ RunTime:0.0006s ]
SQL: SELECT `id` FROM `n_book` ORDER BY id desc  [ RunTime:0.0001s ]
INFO: [ view_parse ] --START--
INFO: [ template_filter ] --START--
INFO: Run Behavior\ContentReplaceBehavior [ RunTime:0.000052s ]
INFO: [ template_filter ] --END-- [ RunTime:0.000072s ]
INFO: Run Behavior\ParseTemplateBehavior [ RunTime:0.005605s ]
INFO: [ view_parse ] --END-- [ RunTime:0.005623s ]
INFO: [ view_filter ] --START--
INFO: Run Behavior\WriteHtmlCacheBehavior [ RunTime:0.000124s ]
INFO: [ view_filter ] --END-- [ RunTime:0.000134s ]
INFO: [ app_end ] --START--
INFO: Run Behavior\ShowPageTraceBehavior [ RunTime:0.000314s ]
INFO: [ app_end ] --END-- [ RunTime:0.000327s ]

[ 2019-04-11T13:04:12+08:00 ] ::1 /book/Home/Book/book_type.html
INFO: [ app_init ] --START--
INFO: Run Behavior\BuildLiteBehavior [ RunTime:0.000006s ]
INFO: [ app_init ] --END-- [ RunTime:0.000175s ]
INFO: [ app_begin ] --START--
INFO: Run Behavior\ReadHtmlCacheBehavior [ RunTime:0.000236s ]
INFO: [ app_begin ] --END-- [ RunTime:0.000253s ]
NOTIC: [8] Undefined index: tid /Users/henry/Sites/book/Application/Home/Controller/BookController.class.php 第 10 行.
NOTIC: [8] Undefined index: sex /Users/henry/Sites/book/Application/Home/Controller/BookController.class.php 第 11 行.
NOTIC: [8] Undefined index: state /Users/henry/Sites/book/Application/Home/Controller/BookController.class.php 第 12 行.
SQL: SHOW COLUMNS FROM `n_type` [ RunTime:0.0071s ]
SQL: SHOW COLUMNS FROM `n_book` [ RunTime:0.0018s ]
SQL: SELECT * FROM `n_type` ORDER BY id asc  [ RunTime:0.0007s ]
SQL: SELECT * FROM `n_type` WHERE `id` = null LIMIT 1   [ RunTime:0.0002s ]
SQL: SELECT n_book.*,n_type.name AS typetitle FROM `n_book` LEFT JOIN n_type ON n_type.id = n_book.tid  ORDER BY id desc LIMIT 10   [ RunTime:0.0005s ]
SQL: SELECT `id` FROM `n_book` ORDER BY id desc  [ RunTime:0.0001s ]
INFO: [ view_parse ] --START--
INFO: [ template_filter ] --START--
INFO: Run Behavior\ContentReplaceBehavior [ RunTime:0.000038s ]
INFO: [ template_filter ] --END-- [ RunTime:0.000051s ]
INFO: Run Behavior\ParseTemplateBehavior [ RunTime:0.003995s ]
INFO: [ view_parse ] --END-- [ RunTime:0.004011s ]
INFO: [ view_filter ] --START--
INFO: Run Behavior\WriteHtmlCacheBehavior [ RunTime:0.000106s ]
INFO: [ view_filter ] --END-- [ RunTime:0.000117s ]
INFO: [ app_end ] --START--
INFO: Run Behavior\ShowPageTraceBehavior [ RunTime:0.000280s ]
INFO: [ app_end ] --END-- [ RunTime:0.000293s ]

[ 2019-04-11T13:04:15+08:00 ] ::1 /book/Home/Book/book_type.html
INFO: [ app_init ] --START--
INFO: Run Behavior\BuildLiteBehavior [ RunTime:0.000008s ]
INFO: [ app_init ] --END-- [ RunTime:0.000272s ]
INFO: [ app_begin ] --START--
INFO: Run Behavior\ReadHtmlCacheBehavior [ RunTime:0.000321s ]
INFO: [ app_begin ] --END-- [ RunTime:0.000342s ]
NOTIC: [8] Undefined index: tid /Users/henry/Sites/book/Application/Home/Controller/BookController.class.php 第 10 行.
NOTIC: [8] Undefined index: sex /Users/henry/Sites/book/Application/Home/Controller/BookController.class.php 第 11 行.
NOTIC: [8] Undefined index: state /Users/henry/Sites/book/Application/Home/Controller/BookController.class.php 第 12 行.
SQL: SHOW COLUMNS FROM `n_type` [ RunTime:0.0033s ]
SQL: SHOW COLUMNS FROM `n_book` [ RunTime:0.0008s ]
SQL: SELECT * FROM `n_type` ORDER BY id asc  [ RunTime:0.0004s ]
SQL: SELECT * FROM `n_type` WHERE `id` = null LIMIT 1   [ RunTime:0.0002s ]
SQL: SELECT n_book.*,n_type.name AS typetitle FROM `n_book` LEFT JOIN n_type ON n_type.id = n_book.tid  ORDER BY id desc LIMIT 10   [ RunTime:0.0006s ]
SQL: SELECT `id` FROM `n_book` ORDER BY id desc  [ RunTime:0.0002s ]
INFO: [ view_parse ] --START--
INFO: [ template_filter ] --START--
INFO: Run Behavior\ContentReplaceBehavior [ RunTime:0.000037s ]
INFO: [ template_filter ] --END-- [ RunTime:0.000053s ]
INFO: Run Behavior\ParseTemplateBehavior [ RunTime:0.004245s ]
INFO: [ view_parse ] --END-- [ RunTime:0.004263s ]
INFO: [ view_filter ] --START--
INFO: Run Behavior\WriteHtmlCacheBehavior [ RunTime:0.000109s ]
INFO: [ view_filter ] --END-- [ RunTime:0.000120s ]
INFO: [ app_end ] --START--
INFO: Run Behavior\ShowPageTraceBehavior [ RunTime:0.000278s ]
INFO: [ app_end ] --END-- [ RunTime:0.000293s ]

[ 2019-04-11T13:04:16+08:00 ] ::1 /book/Home/Book/book_type.html
INFO: [ app_init ] --START--
INFO: Run Behavior\BuildLiteBehavior [ RunTime:0.000010s ]
INFO: [ app_init ] --END-- [ RunTime:0.000177s ]
INFO: [ app_begin ] --START--
INFO: Run Behavior\ReadHtmlCacheBehavior [ RunTime:0.000354s ]
INFO: [ app_begin ] --END-- [ RunTime:0.000385s ]
NOTIC: [8] Undefined index: tid /Users/henry/Sites/book/Application/Home/Controller/BookController.class.php 第 10 行.
NOTIC: [8] Undefined index: sex /Users/henry/Sites/book/Application/Home/Controller/BookController.class.php 第 11 行.
NOTIC: [8] Undefined index: state /Users/henry/Sites/book/Application/Home/Controller/BookController.class.php 第 12 行.
SQL: SHOW COLUMNS FROM `n_type` [ RunTime:0.0012s ]
SQL: SHOW COLUMNS FROM `n_book` [ RunTime:0.0008s ]
SQL: SELECT * FROM `n_type` ORDER BY id asc  [ RunTime:0.0004s ]
SQL: SELECT * FROM `n_type` WHERE `id` = null LIMIT 1   [ RunTime:0.0002s ]
SQL: SELECT n_book.*,n_type.name AS typetitle FROM `n_book` LEFT JOIN n_type ON n_type.id = n_book.tid  ORDER BY id desc LIMIT 10   [ RunTime:0.0005s ]
SQL: SELECT `id` FROM `n_book` ORDER BY id desc  [ RunTime:0.0001s ]
INFO: [ view_parse ] --START--
INFO: [ template_filter ] --START--
INFO: Run Behavior\ContentReplaceBehavior [ RunTime:0.000041s ]
INFO: [ template_filter ] --END-- [ RunTime:0.000069s ]
INFO: Run Behavior\ParseTemplateBehavior [ RunTime:0.005384s ]
INFO: [ view_parse ] --END-- [ RunTime:0.005407s ]
INFO: [ view_filter ] --START--
INFO: Run Behavior\WriteHtmlCacheBehavior [ RunTime:0.000231s ]
INFO: [ view_filter ] --END-- [ RunTime:0.000243s ]
INFO: [ app_end ] --START--
INFO: Run Behavior\ShowPageTraceBehavior [ RunTime:0.000277s ]
INFO: [ app_end ] --END-- [ RunTime:0.000291s ]

[ 2019-04-11T13:04:17+08:00 ] ::1 /book/Home/Book/book_type.html
INFO: [ app_init ] --START--
INFO: Run Behavior\BuildLiteBehavior [ RunTime:0.000007s ]
INFO: [ app_init ] --END-- [ RunTime:0.000222s ]
INFO: [ app_begin ] --START--
INFO: Run Behavior\ReadHtmlCacheBehavior [ RunTime:0.000332s ]
INFO: [ app_begin ] --END-- [ RunTime:0.000353s ]
NOTIC: [8] Undefined index: tid /Users/henry/Sites/book/Application/Home/Controller/BookController.class.php 第 10 行.
NOTIC: [8] Undefined index: sex /Users/henry/Sites/book/Application/Home/Controller/BookController.class.php 第 11 行.
NOTIC: [8] Undefined index: state /Users/henry/Sites/book/Application/Home/Controller/BookController.class.php 第 12 行.
SQL: SHOW COLUMNS FROM `n_type` [ RunTime:0.0012s ]
SQL: SHOW COLUMNS FROM `n_book` [ RunTime:0.0007s ]
SQL: SELECT * FROM `n_type` ORDER BY id asc  [ RunTime:0.0004s ]
SQL: SELECT * FROM `n_type` WHERE `id` = null LIMIT 1   [ RunTime:0.0001s ]
SQL: SELECT n_book.*,n_type.name AS typetitle FROM `n_book` LEFT JOIN n_type ON n_type.id = n_book.tid  ORDER BY id desc LIMIT 10   [ RunTime:0.0005s ]
SQL: SELECT `id` FROM `n_book` ORDER BY id desc  [ RunTime:0.0001s ]
INFO: [ view_parse ] --START--
INFO: [ template_filter ] --START--
INFO: Run Behavior\ContentReplaceBehavior [ RunTime:0.000043s ]
INFO: [ template_filter ] --END-- [ RunTime:0.000058s ]
INFO: Run Behavior\ParseTemplateBehavior [ RunTime:0.004163s ]
INFO: [ view_parse ] --END-- [ RunTime:0.004232s ]
INFO: [ view_filter ] --START--
INFO: Run Behavior\WriteHtmlCacheBehavior [ RunTime:0.000163s ]
INFO: [ view_filter ] --END-- [ RunTime:0.000182s ]
INFO: [ app_end ] --START--
INFO: Run Behavior\ShowPageTraceBehavior [ RunTime:0.000437s ]
INFO: [ app_end ] --END-- [ RunTime:0.000461s ]

[ 2019-04-11T13:04:19+08:00 ] ::1 /book/Home/Book/book_list2.html
INFO: [ app_init ] --START--
INFO: Run Behavior\BuildLiteBehavior [ RunTime:0.000006s ]
INFO: [ app_init ] --END-- [ RunTime:0.000160s ]
INFO: [ app_begin ] --START--
INFO: Run Behavior\ReadHtmlCacheBehavior [ RunTime:0.000210s ]
INFO: [ app_begin ] --END-- [ RunTime:0.000225s ]
SQL: SHOW COLUMNS FROM `n_book` [ RunTime:0.0015s ]
SQL: SELECT * FROM `n_book` ORDER BY id ASC  [ RunTime:0.0007s ]
INFO: [ view_parse ] --START--
INFO: [ template_filter ] --START--
INFO: Run Behavior\ContentReplaceBehavior [ RunTime:0.000027s ]
INFO: [ template_filter ] --END-- [ RunTime:0.000047s ]
INFO: Run Behavior\ParseTemplateBehavior [ RunTime:0.004397s ]
INFO: [ view_parse ] --END-- [ RunTime:0.004418s ]
INFO: [ view_filter ] --START--
INFO: Run Behavior\WriteHtmlCacheBehavior [ RunTime:0.000110s ]
INFO: [ view_filter ] --END-- [ RunTime:0.000141s ]
INFO: [ app_end ] --START--
INFO: Run Behavior\ShowPageTraceBehavior [ RunTime:0.000301s ]
INFO: [ app_end ] --END-- [ RunTime:0.000352s ]

[ 2019-04-11T13:04:21+08:00 ] ::1 /book/Home/Book/book_list2.html
INFO: [ app_init ] --START--
INFO: Run Behavior\BuildLiteBehavior [ RunTime:0.000006s ]
INFO: [ app_init ] --END-- [ RunTime:0.000206s ]
INFO: [ app_begin ] --START--
INFO: Run Behavior\ReadHtmlCacheBehavior [ RunTime:0.000297s ]
INFO: [ app_begin ] --END-- [ RunTime:0.000331s ]
SQL: SHOW COLUMNS FROM `n_book` [ RunTime:0.0012s ]
SQL: SELECT * FROM `n_book` ORDER BY id ASC  [ RunTime:0.0005s ]
INFO: [ view_parse ] --START--
INFO: [ template_filter ] --START--
INFO: Run Behavior\ContentReplaceBehavior [ RunTime:0.000025s ]
INFO: [ template_filter ] --END-- [ RunTime:0.000038s ]
INFO: Run Behavior\ParseTemplateBehavior [ RunTime:0.003199s ]
INFO: [ view_parse ] --END-- [ RunTime:0.003322s ]
INFO: [ view_filter ] --START--
INFO: Run Behavior\WriteHtmlCacheBehavior [ RunTime:0.000219s ]
INFO: [ view_filter ] --END-- [ RunTime:0.000320s ]
INFO: [ app_end ] --START--
INFO: Run Behavior\ShowPageTraceBehavior [ RunTime:0.000382s ]
INFO: [ app_end ] --END-- [ RunTime:0.000425s ]

[ 2019-04-11T13:05:16+08:00 ] ::1 /book/Home/Book/book_type.html
INFO: [ app_init ] --START--
INFO: Run Behavior\BuildLiteBehavior [ RunTime:0.000006s ]
INFO: [ app_init ] --END-- [ RunTime:0.000517s ]
INFO: [ app_begin ] --START--
INFO: Run Behavior\ReadHtmlCacheBehavior [ RunTime:0.000643s ]
INFO: [ app_begin ] --END-- [ RunTime:0.000674s ]
NOTIC: [8] Undefined index: tid /Users/henry/Sites/book/Application/Home/Controller/BookController.class.php 第 10 行.
NOTIC: [8] Undefined index: sex /Users/henry/Sites/book/Application/Home/Controller/BookController.class.php 第 11 行.
NOTIC: [8] Undefined index: state /Users/henry/Sites/book/Application/Home/Controller/BookController.class.php 第 12 行.
SQL: SHOW COLUMNS FROM `n_type` [ RunTime:0.0012s ]
SQL: SHOW COLUMNS FROM `n_book` [ RunTime:0.0007s ]
SQL: SELECT * FROM `n_type` ORDER BY id asc  [ RunTime:0.0004s ]
SQL: SELECT * FROM `n_type` WHERE `id` = null LIMIT 1   [ RunTime:0.0001s ]
SQL: SELECT n_book.*,n_type.name AS typetitle FROM `n_book` LEFT JOIN n_type ON n_type.id = n_book.tid  ORDER BY id desc LIMIT 10   [ RunTime:0.0006s ]
SQL: SELECT `id` FROM `n_book` ORDER BY id desc  [ RunTime:0.0001s ]
INFO: [ view_parse ] --START--
INFO: [ template_filter ] --START--
INFO: Run Behavior\ContentReplaceBehavior [ RunTime:0.000050s ]
INFO: [ template_filter ] --END-- [ RunTime:0.000065s ]
INFO: Run Behavior\ParseTemplateBehavior [ RunTime:0.006062s ]
INFO: [ view_parse ] --END-- [ RunTime:0.006077s ]
INFO: [ view_filter ] --START--
INFO: Run Behavior\WriteHtmlCacheBehavior [ RunTime:0.000453s ]
INFO: [ view_filter ] --END-- [ RunTime:0.000472s ]
INFO: [ app_end ] --START--
INFO: Run Behavior\ShowPageTraceBehavior [ RunTime:0.001037s ]
INFO: [ app_end ] --END-- [ RunTime:0.001080s ]

[ 2019-04-11T13:06:31+08:00 ] ::1 /book/Public/admin/js/jquery-1.4.2.min.js')%7D%7D
INFO: [ app_init ] --START--
INFO: Run Behavior\BuildLiteBehavior [ RunTime:0.000009s ]
INFO: [ app_init ] --END-- [ RunTime:0.000323s ]
NOTIC: [2] preg_replace(): Compilation failed: unmatched parentheses at offset 5 /Users/henry/Sites/book/ThinkPHP/Library/Think/Dispatcher.class.php 第 127 行.
INFO: [ app_begin ] --START--
INFO: Run Behavior\ReadHtmlCacheBehavior [ RunTime:0.000311s ]
INFO: [ app_begin ] --END-- [ RunTime:0.000347s ]
ERR: 无法加载控制器:Admin

[ 2019-04-11T13:07:18+08:00 ] ::1 /book/
INFO: [ app_init ] --START--
INFO: Run Behavior\BuildLiteBehavior [ RunTime:0.000030s ]
INFO: [ app_init ] --END-- [ RunTime:0.000571s ]
INFO: [ app_begin ] --START--
INFO: Run Behavior\ReadHtmlCacheBehavior [ RunTime:0.000311s ]
INFO: [ app_begin ] --END-- [ RunTime:0.000336s ]
SQL: SHOW COLUMNS FROM `n_user` [ RunTime:0.0009s ]
NOTIC: [8] Undefined index: id /Users/henry/Sites/book/Application/Home/Controller/IndexController.class.php 第 225 行.
SQL: SELECT * FROM `n_user` WHERE `id` = null LIMIT 1   [ RunTime:0.0008s ]
NOTIC: [8] Undefined index: id /Users/henry/Sites/book/Application/Home/Controller/IndexController.class.php 第 12 行.
SQL: SELECT * FROM `n_user` WHERE `id` = null LIMIT 1   [ RunTime:0.0001s ]
SQL: SHOW COLUMNS FROM `n_book` [ RunTime:0.0008s ]
SQL: SELECT * FROM `n_book` WHERE `eic` = 2 LIMIT 1   [ RunTime:0.0002s ]
SQL: SELECT * FROM `n_book` WHERE `eic` = 2 LIMIT 1,1   [ RunTime:0.0002s ]
SQL: SELECT * FROM `n_book` WHERE `eic` = 2 LIMIT 2,2   [ RunTime:0.0004s ]
NOTIC: [8] Undefined offset: 0 /Users/henry/Sites/book/Application/Home/Controller/IndexController.class.php 第 20 行.
NOTIC: [8] Undefined offset: 0 /Users/henry/Sites/book/Application/Home/Controller/IndexController.class.php 第 21 行.
SQL: SELECT * FROM `n_book` WHERE `sex` = 1 AND `show` = 2 LIMIT 1   [ RunTime:0.0005s ]
SQL: SELECT * FROM `n_book` WHERE `sex` = 1 AND `show` = 2 LIMIT 1,1   [ RunTime:0.0004s ]
SQL: SELECT * FROM `n_book` WHERE `sex` = 1 AND `show` = 2 LIMIT 2,1   [ RunTime:0.0008s ]
SQL: SELECT * FROM `n_book` WHERE `sex` = 1 AND `show` = 2 LIMIT 3,1   [ RunTime:0.0003s ]
SQL: SELECT * FROM `n_book` WHERE `sex` = 1 AND `show` = 2 LIMIT 4,1   [ RunTime:0.0002s ]
SQL: SELECT * FROM `n_book` WHERE `sex` = 1 AND `show` = 2 LIMIT 5,1   [ RunTime:0.0002s ]
SQL: SELECT * FROM `n_book` WHERE `sex` = 1 AND `show` = 2 LIMIT 6,1   [ RunTime:0.0002s ]
SQL: SELECT * FROM `n_book` WHERE `sex` = 2 AND `show` = 2 LIMIT 1   [ RunTime:0.0005s ]
SQL: SELECT * FROM `n_book` WHERE `sex` = 2 AND `show` = 2 LIMIT 1,1   [ RunTime:0.0003s ]
SQL: SELECT * FROM `n_book` WHERE `sex` = 2 AND `show` = 2 LIMIT 2,1   [ RunTime:0.0003s ]
SQL: SELECT * FROM `n_book` WHERE `sex` = 2 AND `show` = 2 LIMIT 3,1   [ RunTime:0.0002s ]
SQL: SELECT * FROM `n_book` WHERE `sex` = 2 AND `show` = 2 LIMIT 4,1   [ RunTime:0.0002s ]
SQL: SELECT * FROM `n_book` WHERE `sex` = 2 AND `show` = 2 LIMIT 5,1   [ RunTime:0.0007s ]
SQL: SELECT * FROM `n_book` WHERE `sex` = 2 AND `show` = 2 LIMIT 6,1   [ RunTime:0.0001s ]
NOTIC: [8] Undefined offset: 0 /Users/henry/Sites/book/Application/Home/Controller/IndexController.class.php 第 36 行.
NOTIC: [8] Undefined offset: 0 /Users/henry/Sites/book/Application/Home/Controller/IndexController.class.php 第 37 行.
NOTIC: [8] Undefined offset: 0 /Users/henry/Sites/book/Application/Home/Controller/IndexController.class.php 第 38 行.
NOTIC: [8] Undefined offset: 0 /Users/henry/Sites/book/Application/Home/Controller/IndexController.class.php 第 39 行.
NOTIC: [8] Undefined offset: 0 /Users/henry/Sites/book/Application/Home/Controller/IndexController.class.php 第 40 行.
NOTIC: [8] Undefined offset: 0 /Users/henry/Sites/book/Application/Home/Controller/IndexController.class.php 第 41 行.
NOTIC: [8] Undefined offset: 0 /Users/henry/Sites/book/Application/Home/Controller/IndexController.class.php 第 43 行.
NOTIC: [8] Undefined offset: 0 /Users/henry/Sites/book/Application/Home/Controller/IndexController.class.php 第 44 行.
NOTIC: [8] Undefined offset: 0 /Users/henry/Sites/book/Application/Home/Controller/IndexController.class.php 第 45 行.
NOTIC: [8] Undefined offset: 0 /Users/henry/Sites/book/Application/Home/Controller/IndexController.class.php 第 46 行.
NOTIC: [8] Undefined offset: 0 /Users/henry/Sites/book/Application/Home/Controller/IndexController.class.php 第 47 行.
NOTIC: [8] Undefined offset: 0 /Users/henry/Sites/book/Application/Home/Controller/IndexController.class.php 第 48 行.
SQL: SHOW COLUMNS FROM `n_history` [ RunTime:0.0007s ]
SQL: SELECT n_history.*,n_book.title AS btitle FROM `n_history` LEFT JOIN n_book ON n_book.id = n_history.biid  WHERE `uid` = null ORDER BY time DESC LIMIT 1   [ RunTime:0.0109s ]
SQL: SHOW COLUMNS FROM `n_wechat` [ RunTime:0.0023s ]
SQL: SELECT * FROM `n_wechat` WHERE `weburl` = 'localhost' LIMIT 1   [ RunTime:0.0010s ]
INFO: [ view_parse ] --START--
INFO: [ template_filter ] --START--
INFO: Run Behavior\ContentReplaceBehavior [ RunTime:0.000104s ]
INFO: [ template_filter ] --END-- [ RunTime:0.000133s ]
INFO: Run Behavior\ParseTemplateBehavior [ RunTime:0.009040s ]
INFO: [ view_parse ] --END-- [ RunTime:0.009067s ]
INFO: [ view_filter ] --START--
INFO: Run Behavior\WriteHtmlCacheBehavior [ RunTime:0.000133s ]
INFO: [ view_filter ] --END-- [ RunTime:0.000145s ]
INFO: [ app_end ] --START--
INFO: Run Behavior\ShowPageTraceBehavior [ RunTime:0.000324s ]
INFO: [ app_end ] --END-- [ RunTime:0.000340s ]

[ 2019-04-11T13:07:44+08:00 ] ::1 /book/
INFO: [ app_init ] --START--
INFO: Run Behavior\BuildLiteBehavior [ RunTime:0.000005s ]
INFO: [ app_init ] --END-- [ RunTime:0.000141s ]
INFO: [ app_begin ] --START--
INFO: Run Behavior\ReadHtmlCacheBehavior [ RunTime:0.000195s ]
INFO: [ app_begin ] --END-- [ RunTime:0.000209s ]
SQL: SHOW COLUMNS FROM `n_user` [ RunTime:0.0011s ]
NOTIC: [8] Undefined index: id /Users/henry/Sites/book/Application/Home/Controller/IndexController.class.php 第 225 行.
SQL: SELECT * FROM `n_user` WHERE `id` = null LIMIT 1   [ RunTime:0.0003s ]
NOTIC: [8] Undefined index: id /Users/henry/Sites/book/Application/Home/Controller/IndexController.class.php 第 12 行.
SQL: SELECT * FROM `n_user` WHERE `id` = null LIMIT 1   [ RunTime:0.0001s ]
SQL: SHOW COLUMNS FROM `n_book` [ RunTime:0.0007s ]
SQL: SELECT * FROM `n_book` WHERE `eic` = 2 LIMIT 1   [ RunTime:0.0002s ]
SQL: SELECT * FROM `n_book` WHERE `eic` = 2 LIMIT 1,1   [ RunTime:0.0002s ]
SQL: SELECT * FROM `n_book` WHERE `eic` = 2 LIMIT 2,2   [ RunTime:0.0002s ]
NOTIC: [8] Undefined offset: 0 /Users/henry/Sites/book/Application/Home/Controller/IndexController.class.php 第 20 行.
NOTIC: [8] Undefined offset: 0 /Users/henry/Sites/book/Application/Home/Controller/IndexController.class.php 第 21 行.
SQL: SELECT * FROM `n_book` WHERE `sex` = 1 AND `show` = 2 LIMIT 1   [ RunTime:0.0002s ]
SQL: SELECT * FROM `n_book` WHERE `sex` = 1 AND `show` = 2 LIMIT 1,1   [ RunTime:0.0003s ]
SQL: SELECT * FROM `n_book` WHERE `sex` = 1 AND `show` = 2 LIMIT 2,1   [ RunTime:0.0002s ]
SQL: SELECT * FROM `n_book` WHERE `sex` = 1 AND `show` = 2 LIMIT 3,1   [ RunTime:0.0002s ]
SQL: SELECT * FROM `n_book` WHERE `sex` = 1 AND `show` = 2 LIMIT 4,1   [ RunTime:0.0001s ]
SQL: SELECT * FROM `n_book` WHERE `sex` = 1 AND `show` = 2 LIMIT 5,1   [ RunTime:0.0001s ]
SQL: SELECT * FROM `n_book` WHERE `sex` = 1 AND `show` = 2 LIMIT 6,1   [ RunTime:0.0001s ]
SQL: SELECT * FROM `n_book` WHERE `sex` = 2 AND `show` = 2 LIMIT 1   [ RunTime:0.0002s ]
SQL: SELECT * FROM `n_book` WHERE `sex` = 2 AND `show` = 2 LIMIT 1,1   [ RunTime:0.0001s ]
SQL: SELECT * FROM `n_book` WHERE `sex` = 2 AND `show` = 2 LIMIT 2,1   [ RunTime:0.0001s ]
SQL: SELECT * FROM `n_book` WHERE `sex` = 2 AND `show` = 2 LIMIT 3,1   [ RunTime:0.0001s ]
SQL: SELECT * FROM `n_book` WHERE `sex` = 2 AND `show` = 2 LIMIT 4,1   [ RunTime:0.0002s ]
SQL: SELECT * FROM `n_book` WHERE `sex` = 2 AND `show` = 2 LIMIT 5,1   [ RunTime:0.0001s ]
SQL: SELECT * FROM `n_book` WHERE `sex` = 2 AND `show` = 2 LIMIT 6,1   [ RunTime:0.0001s ]
NOTIC: [8] Undefined offset: 0 /Users/henry/Sites/book/Application/Home/Controller/IndexController.class.php 第 38 行.
NOTIC: [8] Undefined offset: 0 /Users/henry/Sites/book/Application/Home/Controller/IndexController.class.php 第 39 行.
NOTIC: [8] Undefined offset: 0 /Users/henry/Sites/book/Application/Home/Controller/IndexController.class.php 第 40 行.
NOTIC: [8] Undefined offset: 0 /Users/henry/Sites/book/Application/Home/Controller/IndexController.class.php 第 41 行.
NOTIC: [8] Undefined offset: 0 /Users/henry/Sites/book/Application/Home/Controller/IndexController.class.php 第 43 行.
NOTIC: [8] Undefined offset: 0 /Users/henry/Sites/book/Application/Home/Controller/IndexController.class.php 第 44 行.
NOTIC: [8] Undefined offset: 0 /Users/henry/Sites/book/Application/Home/Controller/IndexController.class.php 第 45 行.
NOTIC: [8] Undefined offset: 0 /Users/henry/Sites/book/Application/Home/Controller/IndexController.class.php 第 46 行.
NOTIC: [8] Undefined offset: 0 /Users/henry/Sites/book/Application/Home/Controller/IndexController.class.php 第 47 行.
NOTIC: [8] Undefined offset: 0 /Users/henry/Sites/book/Application/Home/Controller/IndexController.class.php 第 48 行.
SQL: SHOW COLUMNS FROM `n_history` [ RunTime:0.0007s ]
SQL: SELECT n_history.*,n_book.title AS btitle FROM `n_history` LEFT JOIN n_book ON n_book.id = n_history.biid  WHERE `uid` = null ORDER BY time DESC LIMIT 1   [ RunTime:0.0102s ]
SQL: SHOW COLUMNS FROM `n_wechat` [ RunTime:0.0007s ]
SQL: SELECT * FROM `n_wechat` WHERE `weburl` = 'localhost' LIMIT 1   [ RunTime:0.0003s ]
INFO: [ view_parse ] --START--
INFO: [ template_filter ] --START--
INFO: Run Behavior\ContentReplaceBehavior [ RunTime:0.000064s ]
INFO: [ template_filter ] --END-- [ RunTime:0.000080s ]
INFO: Run Behavior\ParseTemplateBehavior [ RunTime:0.006074s ]
INFO: [ view_parse ] --END-- [ RunTime:0.006089s ]
INFO: [ view_filter ] --START--
INFO: Run Behavior\WriteHtmlCacheBehavior [ RunTime:0.000095s ]
INFO: [ view_filter ] --END-- [ RunTime:0.000104s ]
INFO: [ app_end ] --START--
INFO: Run Behavior\ShowPageTraceBehavior [ RunTime:0.000223s ]
INFO: [ app_end ] --END-- [ RunTime:0.000233s ]

[ 2019-04-11T21:47:31+08:00 ] ::1 /book/
INFO: [ app_init ] --START--
INFO: Run Behavior\BuildLiteBehavior [ RunTime:0.000021s ]
INFO: [ app_init ] --END-- [ RunTime:0.000752s ]
INFO: [ app_begin ] --START--
INFO: Run Behavior\ReadHtmlCacheBehavior [ RunTime:0.000693s ]
INFO: [ app_begin ] --END-- [ RunTime:0.000711s ]
SQL: SHOW COLUMNS FROM `n_user` [ RunTime:0.2203s ]
NOTIC: [8] Undefined index: id /Users/henry/Sites/book/Application/Home/Controller/IndexController.class.php 第 225 行.
SQL: SELECT * FROM `n_user` WHERE `id` = null LIMIT 1   [ RunTime:0.2157s ]
NOTIC: [8] Undefined index: id /Users/henry/Sites/book/Application/Home/Controller/IndexController.class.php 第 12 行.
SQL: SELECT * FROM `n_user` WHERE `id` = null LIMIT 1   [ RunTime:0.2211s ]
SQL: SHOW COLUMNS FROM `n_book` [ RunTime:0.2206s ]
SQL: SELECT * FROM `n_book` WHERE `eic` = 2 LIMIT 1   [ RunTime:0.2157s ]
SQL: SELECT * FROM `n_book` WHERE `eic` = 2 LIMIT 1,1   [ RunTime:0.2168s ]
SQL: SELECT * FROM `n_book` WHERE `eic` = 2 LIMIT 2,2   [ RunTime:0.2149s ]
NOTIC: [8] Undefined offset: 0 /Users/henry/Sites/book/Application/Home/Controller/IndexController.class.php 第 20 行.
NOTIC: [8] Undefined offset: 0 /Users/henry/Sites/book/Application/Home/Controller/IndexController.class.php 第 21 行.
SQL: SELECT * FROM `n_book` WHERE `sex` = 1 AND `show` = 2 LIMIT 1   [ RunTime:0.2175s ]
SQL: SELECT * FROM `n_book` WHERE `sex` = 1 AND `show` = 2 LIMIT 1,1   [ RunTime:0.2185s ]
SQL: SELECT * FROM `n_book` WHERE `sex` = 1 AND `show` = 2 LIMIT 2,1   [ RunTime:0.2176s ]
SQL: SELECT * FROM `n_book` WHERE `sex` = 1 AND `show` = 2 LIMIT 3,1   [ RunTime:0.2178s ]
SQL: SELECT * FROM `n_book` WHERE `sex` = 1 AND `show` = 2 LIMIT 4,1   [ RunTime:0.2174s ]
SQL: SELECT * FROM `n_book` WHERE `sex` = 1 AND `show` = 2 LIMIT 5,1   [ RunTime:0.2171s ]
SQL: SELECT * FROM `n_book` WHERE `sex` = 1 AND `show` = 2 LIMIT 6,1   [ RunTime:0.2193s ]
SQL: SELECT * FROM `n_book` WHERE `sex` = 2 AND `show` = 2 LIMIT 1   [ RunTime:0.2164s ]
SQL: SELECT * FROM `n_book` WHERE `sex` = 2 AND `show` = 2 LIMIT 1,1   [ RunTime:0.2176s ]
SQL: SELECT * FROM `n_book` WHERE `sex` = 2 AND `show` = 2 LIMIT 2,1   [ RunTime:0.2159s ]
SQL: SELECT * FROM `n_book` WHERE `sex` = 2 AND `show` = 2 LIMIT 3,1   [ RunTime:0.2195s ]
SQL: SELECT * FROM `n_book` WHERE `sex` = 2 AND `show` = 2 LIMIT 4,1   [ RunTime:0.2129s ]
SQL: SELECT * FROM `n_book` WHERE `sex` = 2 AND `show` = 2 LIMIT 5,1   [ RunTime:0.2092s ]
SQL: SELECT * FROM `n_book` WHERE `sex` = 2 AND `show` = 2 LIMIT 6,1   [ RunTime:0.2170s ]
NOTIC: [8] Undefined offset: 0 /Users/henry/Sites/book/Application/Home/Controller/IndexController.class.php 第 37 行.
NOTIC: [8] Undefined offset: 0 /Users/henry/Sites/book/Application/Home/Controller/IndexController.class.php 第 38 行.
NOTIC: [8] Undefined offset: 0 /Users/henry/Sites/book/Application/Home/Controller/IndexController.class.php 第 39 行.
NOTIC: [8] Undefined offset: 0 /Users/henry/Sites/book/Application/Home/Controller/IndexController.class.php 第 40 行.
NOTIC: [8] Undefined offset: 0 /Users/henry/Sites/book/Application/Home/Controller/IndexController.class.php 第 41 行.
NOTIC: [8] Undefined offset: 0 /Users/henry/Sites/book/Application/Home/Controller/IndexController.class.php 第 43 行.
NOTIC: [8] Undefined offset: 0 /Users/henry/Sites/book/Application/Home/Controller/IndexController.class.php 第 44 行.
NOTIC: [8] Undefined offset: 0 /Users/henry/Sites/book/Application/Home/Controller/IndexController.class.php 第 45 行.
NOTIC: [8] Undefined offset: 0 /Users/henry/Sites/book/Application/Home/Controller/IndexController.class.php 第 46 行.
NOTIC: [8] Undefined offset: 0 /Users/henry/Sites/book/Application/Home/Controller/IndexController.class.php 第 47 行.
NOTIC: [8] Undefined offset: 0 /Users/henry/Sites/book/Application/Home/Controller/IndexController.class.php 第 48 行.
SQL: SHOW COLUMNS FROM `n_history` [ RunTime:0.2176s ]
SQL: SELECT n_history.*,n_book.title AS btitle FROM `n_history` LEFT JOIN n_book ON n_book.id = n_history.biid  WHERE `uid` = null ORDER BY time DESC LIMIT 1   [ RunTime:0.2213s ]
SQL: SHOW COLUMNS FROM `n_wechat` [ RunTime:0.2189s ]
SQL: SELECT * FROM `n_wechat` WHERE `weburl` = 'localhost' LIMIT 1   [ RunTime:0.2200s ]
INFO: [ view_parse ] --START--
INFO: [ template_filter ] --START--
INFO: Run Behavior\ContentReplaceBehavior [ RunTime:0.000551s ]
INFO: [ template_filter ] --END-- [ RunTime:0.000578s ]
INFO: Run Behavior\ParseTemplateBehavior [ RunTime:0.019368s ]
INFO: [ view_parse ] --END-- [ RunTime:0.019404s ]
INFO: [ view_filter ] --START--
INFO: Run Behavior\WriteHtmlCacheBehavior [ RunTime:0.000755s ]
INFO: [ view_filter ] --END-- [ RunTime:0.000785s ]
INFO: [ app_end ] --START--
INFO: Run Behavior\ShowPageTraceBehavior [ RunTime:0.001088s ]
INFO: [ app_end ] --END-- [ RunTime:0.001123s ]

[ 2019-04-11T21:47:34+08:00 ] ::1 /book/
INFO: [ app_init ] --START--
INFO: Run Behavior\BuildLiteBehavior [ RunTime:0.000010s ]
INFO: [ app_init ] --END-- [ RunTime:0.000277s ]
INFO: [ app_begin ] --START--
INFO: Run Behavior\ReadHtmlCacheBehavior [ RunTime:0.000269s ]
INFO: [ app_begin ] --END-- [ RunTime:0.000288s ]
SQL: SHOW COLUMNS FROM `n_user` [ RunTime:0.2131s ]
NOTIC: [8] Undefined index: id /Users/henry/Sites/book/Application/Home/Controller/IndexController.class.php 第 225 行.
SQL: SELECT * FROM `n_user` WHERE `id` = null LIMIT 1   [ RunTime:0.7232s ]
NOTIC: [8] Undefined index: id /Users/henry/Sites/book/Application/Home/Controller/IndexController.class.php 第 12 行.
SQL: SELECT * FROM `n_user` WHERE `id` = null LIMIT 1   [ RunTime:0.2111s ]
SQL: SHOW COLUMNS FROM `n_book` [ RunTime:0.2089s ]
SQL: SELECT * FROM `n_book` WHERE `eic` = 2 LIMIT 1   [ RunTime:0.2083s ]
SQL: SELECT * FROM `n_book` WHERE `eic` = 2 LIMIT 1,1   [ RunTime:0.2125s ]
SQL: SELECT * FROM `n_book` WHERE `eic` = 2 LIMIT 2,2   [ RunTime:0.2133s ]
NOTIC: [8] Undefined offset: 0 /Users/henry/Sites/book/Application/Home/Controller/IndexController.class.php 第 20 行.
NOTIC: [8] Undefined offset: 0 /Users/henry/Sites/book/Application/Home/Controller/IndexController.class.php 第 21 行.
SQL: SELECT * FROM `n_book` WHERE `sex` = 1 AND `show` = 2 LIMIT 1   [ RunTime:0.2014s ]
SQL: SELECT * FROM `n_book` WHERE `sex` = 1 AND `show` = 2 LIMIT 1,1   [ RunTime:0.2123s ]
SQL: SELECT * FROM `n_book` WHERE `sex` = 1 AND `show` = 2 LIMIT 2,1   [ RunTime:0.6291s ]
SQL: SELECT * FROM `n_book` WHERE `sex` = 1 AND `show` = 2 LIMIT 3,1   [ RunTime:0.2085s ]
SQL: SELECT * FROM `n_book` WHERE `sex` = 1 AND `show` = 2 LIMIT 4,1   [ RunTime:0.2011s ]
SQL: SELECT * FROM `n_book` WHERE `sex` = 1 AND `show` = 2 LIMIT 5,1   [ RunTime:0.2134s ]
SQL: SELECT * FROM `n_book` WHERE `sex` = 1 AND `show` = 2 LIMIT 6,1   [ RunTime:0.2126s ]
SQL: SELECT * FROM `n_book` WHERE `sex` = 2 AND `show` = 2 LIMIT 1   [ RunTime:0.6132s ]
SQL: SELECT * FROM `n_book` WHERE `sex` = 2 AND `show` = 2 LIMIT 1,1   [ RunTime:0.2064s ]
SQL: SELECT * FROM `n_book` WHERE `sex` = 2 AND `show` = 2 LIMIT 2,1   [ RunTime:0.2161s ]
SQL: SELECT * FROM `n_book` WHERE `sex` = 2 AND `show` = 2 LIMIT 3,1   [ RunTime:0.2106s ]
SQL: SELECT * FROM `n_book` WHERE `sex` = 2 AND `show` = 2 LIMIT 4,1   [ RunTime:0.2092s ]
SQL: SELECT * FROM `n_book` WHERE `sex` = 2 AND `show` = 2 LIMIT 5,1   [ RunTime:0.1996s ]
SQL: SELECT * FROM `n_book` WHERE `sex` = 2 AND `show` = 2 LIMIT 6,1   [ RunTime:0.2036s ]
NOTIC: [8] Undefined offset: 0 /Users/henry/Sites/book/Application/Home/Controller/IndexController.class.php 第 37 行.
NOTIC: [8] Undefined offset: 0 /Users/henry/Sites/book/Application/Home/Controller/IndexController.class.php 第 38 行.
NOTIC: [8] Undefined offset: 0 /Users/henry/Sites/book/Application/Home/Controller/IndexController.class.php 第 39 行.
NOTIC: [8] Undefined offset: 0 /Users/henry/Sites/book/Application/Home/Controller/IndexController.class.php 第 40 行.
NOTIC: [8] Undefined offset: 0 /Users/henry/Sites/book/Application/Home/Controller/IndexController.class.php 第 41 行.
NOTIC: [8] Undefined offset: 0 /Users/henry/Sites/book/Application/Home/Controller/IndexController.class.php 第 43 行.
NOTIC: [8] Undefined offset: 0 /Users/henry/Sites/book/Application/Home/Controller/IndexController.class.php 第 44 行.
NOTIC: [8] Undefined offset: 0 /Users/henry/Sites/book/Application/Home/Controller/IndexController.class.php 第 45 行.
NOTIC: [8] Undefined offset: 0 /Users/henry/Sites/book/Application/Home/Controller/IndexController.class.php 第 46 行.
NOTIC: [8] Undefined offset: 0 /Users/henry/Sites/book/Application/Home/Controller/IndexController.class.php 第 47 行.
NOTIC: [8] Undefined offset: 0 /Users/henry/Sites/book/Application/Home/Controller/IndexController.class.php 第 48 行.
SQL: SHOW COLUMNS FROM `n_history` [ RunTime:0.2146s ]
SQL: SELECT n_history.*,n_book.title AS btitle FROM `n_history` LEFT JOIN n_book ON n_book.id = n_history.biid  WHERE `uid` = null ORDER BY time DESC LIMIT 1   [ RunTime:0.6145s ]
SQL: SHOW COLUMNS FROM `n_wechat` [ RunTime:0.2118s ]
SQL: SELECT * FROM `n_wechat` WHERE `weburl` = 'localhost' LIMIT 1   [ RunTime:0.2132s ]
INFO: [ view_parse ] --START--
INFO: [ template_filter ] --START--
INFO: Run Behavior\ContentReplaceBehavior [ RunTime:0.000143s ]
INFO: [ template_filter ] --END-- [ RunTime:0.000170s ]
INFO: Run Behavior\ParseTemplateBehavior [ RunTime:0.013430s ]
INFO: [ view_parse ] --END-- [ RunTime:0.013461s ]
INFO: [ view_filter ] --START--
INFO: Run Behavior\WriteHtmlCacheBehavior [ RunTime:0.000160s ]
INFO: [ view_filter ] --END-- [ RunTime:0.000177s ]
INFO: [ app_end ] --START--
INFO: Run Behavior\ShowPageTraceBehavior [ RunTime:0.000410s ]
INFO: [ app_end ] --END-- [ RunTime:0.000432s ]

[ 2019-04-11T21:47:35+08:00 ] ::1 /book/
INFO: [ app_init ] --START--
INFO: Run Behavior\BuildLiteBehavior [ RunTime:0.000011s ]
INFO: [ app_init ] --END-- [ RunTime:0.000308s ]
INFO: [ app_begin ] --START--
INFO: Run Behavior\ReadHtmlCacheBehavior [ RunTime:0.000284s ]
INFO: [ app_begin ] --END-- [ RunTime:0.000306s ]
SQL: SHOW COLUMNS FROM `n_user` [ RunTime:0.2166s ]
NOTIC: [8] Undefined index: id /Users/henry/Sites/book/Application/Home/Controller/IndexController.class.php 第 225 行.
SQL: SELECT * FROM `n_user` WHERE `id` = null LIMIT 1   [ RunTime:0.2141s ]
NOTIC: [8] Undefined index: id /Users/henry/Sites/book/Application/Home/Controller/IndexController.class.php 第 12 行.
SQL: SELECT * FROM `n_user` WHERE `id` = null LIMIT 1   [ RunTime:0.2093s ]
SQL: SHOW COLUMNS FROM `n_book` [ RunTime:0.2072s ]
SQL: SELECT * FROM `n_book` WHERE `eic` = 2 LIMIT 1   [ RunTime:0.2153s ]
SQL: SELECT * FROM `n_book` WHERE `eic` = 2 LIMIT 1,1   [ RunTime:0.2141s ]
SQL: SELECT * FROM `n_book` WHERE `eic` = 2 LIMIT 2,2   [ RunTime:0.8207s ]
NOTIC: [8] Undefined offset: 0 /Users/henry/Sites/book/Application/Home/Controller/IndexController.class.php 第 20 行.
NOTIC: [8] Undefined offset: 0 /Users/henry/Sites/book/Application/Home/Controller/IndexController.class.php 第 21 行.
SQL: SELECT * FROM `n_book` WHERE `sex` = 1 AND `show` = 2 LIMIT 1   [ RunTime:0.2190s ]
SQL: SELECT * FROM `n_book` WHERE `sex` = 1 AND `show` = 2 LIMIT 1,1   [ RunTime:0.2176s ]
SQL: SELECT * FROM `n_book` WHERE `sex` = 1 AND `show` = 2 LIMIT 2,1   [ RunTime:0.2219s ]
SQL: SELECT * FROM `n_book` WHERE `sex` = 1 AND `show` = 2 LIMIT 3,1   [ RunTime:0.2173s ]
SQL: SELECT * FROM `n_book` WHERE `sex` = 1 AND `show` = 2 LIMIT 4,1   [ RunTime:0.2136s ]
SQL: SELECT * FROM `n_book` WHERE `sex` = 1 AND `show` = 2 LIMIT 5,1   [ RunTime:0.2055s ]
SQL: SELECT * FROM `n_book` WHERE `sex` = 1 AND `show` = 2 LIMIT 6,1   [ RunTime:0.2141s ]
SQL: SELECT * FROM `n_book` WHERE `sex` = 2 AND `show` = 2 LIMIT 1   [ RunTime:0.2141s ]
SQL: SELECT * FROM `n_book` WHERE `sex` = 2 AND `show` = 2 LIMIT 1,1   [ RunTime:0.2163s ]
SQL: SELECT * FROM `n_book` WHERE `sex` = 2 AND `show` = 2 LIMIT 2,1   [ RunTime:0.2152s ]
SQL: SELECT * FROM `n_book` WHERE `sex` = 2 AND `show` = 2 LIMIT 3,1   [ RunTime:0.2156s ]
SQL: SELECT * FROM `n_book` WHERE `sex` = 2 AND `show` = 2 LIMIT 4,1   [ RunTime:0.2177s ]
SQL: SELECT * FROM `n_book` WHERE `sex` = 2 AND `show` = 2 LIMIT 5,1   [ RunTime:0.2144s ]
SQL: SELECT * FROM `n_book` WHERE `sex` = 2 AND `show` = 2 LIMIT 6,1   [ RunTime:0.2132s ]
NOTIC: [8] Undefined offset: 0 /Users/henry/Sites/book/Application/Home/Controller/IndexController.class.php 第 37 行.
NOTIC: [8] Undefined offset: 0 /Users/henry/Sites/book/Application/Home/Controller/IndexController.class.php 第 38 行.
NOTIC: [8] Undefined offset: 0 /Users/henry/Sites/book/Application/Home/Controller/IndexController.class.php 第 39 行.
NOTIC: [8] Undefined offset: 0 /Users/henry/Sites/book/Application/Home/Controller/IndexController.class.php 第 40 行.
NOTIC: [8] Undefined offset: 0 /Users/henry/Sites/book/Application/Home/Controller/IndexController.class.php 第 41 行.
NOTIC: [8] Undefined offset: 0 /Users/henry/Sites/book/Application/Home/Controller/IndexController.class.php 第 43 行.
NOTIC: [8] Undefined offset: 0 /Users/henry/Sites/book/Application/Home/Controller/IndexController.class.php 第 44 行.
NOTIC: [8] Undefined offset: 0 /Users/henry/Sites/book/Application/Home/Controller/IndexController.class.php 第 45 行.
NOTIC: [8] Undefined offset: 0 /Users/henry/Sites/book/Application/Home/Controller/IndexController.class.php 第 46 行.
NOTIC: [8] Undefined offset: 0 /Users/henry/Sites/book/Application/Home/Controller/IndexController.class.php 第 47 行.
NOTIC: [8] Undefined offset: 0 /Users/henry/Sites/book/Application/Home/Controller/IndexController.class.php 第 48 行.
SQL: SHOW COLUMNS FROM `n_history` [ RunTime:0.2069s ]
SQL: SELECT n_history.*,n_book.title AS btitle FROM `n_history` LEFT JOIN n_book ON n_book.id = n_history.biid  WHERE `uid` = null ORDER BY time DESC LIMIT 1   [ RunTime:0.2112s ]
SQL: SHOW COLUMNS FROM `n_wechat` [ RunTime:0.2178s ]
SQL: SELECT * FROM `n_wechat` WHERE `weburl` = 'localhost' LIMIT 1   [ RunTime:0.2145s ]
INFO: [ view_parse ] --START--
INFO: [ template_filter ] --START--
INFO: Run Behavior\ContentReplaceBehavior [ RunTime:0.000144s ]
INFO: [ template_filter ] --END-- [ RunTime:0.000167s ]
INFO: Run Behavior\ParseTemplateBehavior [ RunTime:0.011907s ]
INFO: [ view_parse ] --END-- [ RunTime:0.011937s ]
INFO: [ view_filter ] --START--
INFO: Run Behavior\WriteHtmlCacheBehavior [ RunTime:0.000150s ]
INFO: [ view_filter ] --END-- [ RunTime:0.000165s ]
INFO: [ app_end ] --START--
INFO: Run Behavior\ShowPageTraceBehavior [ RunTime:0.000387s ]
INFO: [ app_end ] --END-- [ RunTime:0.000410s ]

[ 2019-04-11T21:47:36+08:00 ] ::1 /book/
INFO: [ app_init ] --START--
INFO: Run Behavior\BuildLiteBehavior [ RunTime:0.000047s ]
INFO: [ app_init ] --END-- [ RunTime:0.000457s ]
INFO: [ app_begin ] --START--
INFO: Run Behavior\ReadHtmlCacheBehavior [ RunTime:0.000268s ]
INFO: [ app_begin ] --END-- [ RunTime:0.000289s ]
SQL: SHOW COLUMNS FROM `n_user` [ RunTime:0.2330s ]
NOTIC: [8] Undefined index: id /Users/henry/Sites/book/Application/Home/Controller/IndexController.class.php 第 225 行.
SQL: SELECT * FROM `n_user` WHERE `id` = null LIMIT 1   [ RunTime:0.2427s ]
NOTIC: [8] Undefined index: id /Users/henry/Sites/book/Application/Home/Controller/IndexController.class.php 第 12 行.
SQL: SELECT * FROM `n_user` WHERE `id` = null LIMIT 1   [ RunTime:0.2321s ]
SQL: SHOW COLUMNS FROM `n_book` [ RunTime:0.2485s ]
SQL: SELECT * FROM `n_book` WHERE `eic` = 2 LIMIT 1   [ RunTime:0.2318s ]
SQL: SELECT * FROM `n_book` WHERE `eic` = 2 LIMIT 1,1   [ RunTime:0.2322s ]
SQL: SELECT * FROM `n_book` WHERE `eic` = 2 LIMIT 2,2   [ RunTime:0.2316s ]
NOTIC: [8] Undefined offset: 0 /Users/henry/Sites/book/Application/Home/Controller/IndexController.class.php 第 20 行.
NOTIC: [8] Undefined offset: 0 /Users/henry/Sites/book/Application/Home/Controller/IndexController.class.php 第 21 行.
SQL: SELECT * FROM `n_book` WHERE `sex` = 1 AND `show` = 2 LIMIT 1   [ RunTime:0.2320s ]
SQL: SELECT * FROM `n_book` WHERE `sex` = 1 AND `show` = 2 LIMIT 1,1   [ RunTime:0.2312s ]
SQL: SELECT * FROM `n_book` WHERE `sex` = 1 AND `show` = 2 LIMIT 2,1   [ RunTime:0.2319s ]
SQL: SELECT * FROM `n_book` WHERE `sex` = 1 AND `show` = 2 LIMIT 3,1   [ RunTime:0.2340s ]
SQL: SELECT * FROM `n_book` WHERE `sex` = 1 AND `show` = 2 LIMIT 4,1   [ RunTime:0.2308s ]
SQL: SELECT * FROM `n_book` WHERE `sex` = 1 AND `show` = 2 LIMIT 5,1   [ RunTime:0.2322s ]
SQL: SELECT * FROM `n_book` WHERE `sex` = 1 AND `show` = 2 LIMIT 6,1   [ RunTime:0.2297s ]
SQL: SELECT * FROM `n_book` WHERE `sex` = 2 AND `show` = 2 LIMIT 1   [ RunTime:0.2319s ]
SQL: SELECT * FROM `n_book` WHERE `sex` = 2 AND `show` = 2 LIMIT 1,1   [ RunTime:0.2335s ]
SQL: SELECT * FROM `n_book` WHERE `sex` = 2 AND `show` = 2 LIMIT 2,1   [ RunTime:0.2303s ]
SQL: SELECT * FROM `n_book` WHERE `sex` = 2 AND `show` = 2 LIMIT 3,1   [ RunTime:0.2347s ]
SQL: SELECT * FROM `n_book` WHERE `sex` = 2 AND `show` = 2 LIMIT 4,1   [ RunTime:0.2321s ]
SQL: SELECT * FROM `n_book` WHERE `sex` = 2 AND `show` = 2 LIMIT 5,1   [ RunTime:0.2305s ]
SQL: SELECT * FROM `n_book` WHERE `sex` = 2 AND `show` = 2 LIMIT 6,1   [ RunTime:0.2301s ]
NOTIC: [8] Undefined offset: 0 /Users/henry/Sites/book/Application/Home/Controller/IndexController.class.php 第 37 行.
NOTIC: [8] Undefined offset: 0 /Users/henry/Sites/book/Application/Home/Controller/IndexController.class.php 第 38 行.
NOTIC: [8] Undefined offset: 0 /Users/henry/Sites/book/Application/Home/Controller/IndexController.class.php 第 39 行.
NOTIC: [8] Undefined offset: 0 /Users/henry/Sites/book/Application/Home/Controller/IndexController.class.php 第 40 行.
NOTIC: [8] Undefined offset: 0 /Users/henry/Sites/book/Application/Home/Controller/IndexController.class.php 第 41 行.
NOTIC: [8] Undefined offset: 0 /Users/henry/Sites/book/Application/Home/Controller/IndexController.class.php 第 43 行.
NOTIC: [8] Undefined offset: 0 /Users/henry/Sites/book/Application/Home/Controller/IndexController.class.php 第 44 行.
NOTIC: [8] Undefined offset: 0 /Users/henry/Sites/book/Application/Home/Controller/IndexController.class.php 第 45 行.
NOTIC: [8] Undefined offset: 0 /Users/henry/Sites/book/Application/Home/Controller/IndexController.class.php 第 46 行.
NOTIC: [8] Undefined offset: 0 /Users/henry/Sites/book/Application/Home/Controller/IndexController.class.php 第 47 行.
NOTIC: [8] Undefined offset: 0 /Users/henry/Sites/book/Application/Home/Controller/IndexController.class.php 第 48 行.
SQL: SHOW COLUMNS FROM `n_history` [ RunTime:0.2298s ]
SQL: SELECT n_history.*,n_book.title AS btitle FROM `n_history` LEFT JOIN n_book ON n_book.id = n_history.biid  WHERE `uid` = null ORDER BY time DESC LIMIT 1   [ RunTime:0.2317s ]
SQL: SHOW COLUMNS FROM `n_wechat` [ RunTime:0.2311s ]
SQL: SELECT * FROM `n_wechat` WHERE `weburl` = 'localhost' LIMIT 1   [ RunTime:0.2330s ]
INFO: [ view_parse ] --START--
INFO: [ template_filter ] --START--
INFO: Run Behavior\ContentReplaceBehavior [ RunTime:0.000147s ]
INFO: [ template_filter ] --END-- [ RunTime:0.000171s ]
INFO: Run Behavior\ParseTemplateBehavior [ RunTime:0.011900s ]
INFO: [ view_parse ] --END-- [ RunTime:0.011932s ]
INFO: [ view_filter ] --START--
INFO: Run Behavior\WriteHtmlCacheBehavior [ RunTime:0.000157s ]
INFO: [ view_filter ] --END-- [ RunTime:0.000172s ]
INFO: [ app_end ] --START--
INFO: Run Behavior\ShowPageTraceBehavior [ RunTime:0.000398s ]
INFO: [ app_end ] --END-- [ RunTime:0.000419s ]

[ 2019-04-11T21:47:37+08:00 ] ::1 /book/
INFO: [ app_init ] --START--
INFO: Run Behavior\BuildLiteBehavior [ RunTime:0.000009s ]
INFO: [ app_init ] --END-- [ RunTime:0.000295s ]
INFO: [ app_begin ] --START--
INFO: Run Behavior\ReadHtmlCacheBehavior [ RunTime:0.000337s ]
INFO: [ app_begin ] --END-- [ RunTime:0.000368s ]
SQL: SHOW COLUMNS FROM `n_user` [ RunTime:0.2086s ]
NOTIC: [8] Undefined index: id /Users/henry/Sites/book/Application/Home/Controller/IndexController.class.php 第 225 行.
SQL: SELECT * FROM `n_user` WHERE `id` = null LIMIT 1   [ RunTime:0.2176s ]
NOTIC: [8] Undefined index: id /Users/henry/Sites/book/Application/Home/Controller/IndexController.class.php 第 12 行.
SQL: SELECT * FROM `n_user` WHERE `id` = null LIMIT 1   [ RunTime:0.2193s ]
SQL: SHOW COLUMNS FROM `n_book` [ RunTime:0.2204s ]
SQL: SELECT * FROM `n_book` WHERE `eic` = 2 LIMIT 1   [ RunTime:0.2214s ]
SQL: SELECT * FROM `n_book` WHERE `eic` = 2 LIMIT 1,1   [ RunTime:0.2169s ]
SQL: SELECT * FROM `n_book` WHERE `eic` = 2 LIMIT 2,2   [ RunTime:0.2084s ]
NOTIC: [8] Undefined offset: 0 /Users/henry/Sites/book/Application/Home/Controller/IndexController.class.php 第 20 行.
NOTIC: [8] Undefined offset: 0 /Users/henry/Sites/book/Application/Home/Controller/IndexController.class.php 第 21 行.
SQL: SELECT * FROM `n_book` WHERE `sex` = 1 AND `show` = 2 LIMIT 1   [ RunTime:0.2185s ]
SQL: SELECT * FROM `n_book` WHERE `sex` = 1 AND `show` = 2 LIMIT 1,1   [ RunTime:0.2198s ]
SQL: SELECT * FROM `n_book` WHERE `sex` = 1 AND `show` = 2 LIMIT 2,1   [ RunTime:0.2151s ]
SQL: SELECT * FROM `n_book` WHERE `sex` = 1 AND `show` = 2 LIMIT 3,1   [ RunTime:0.2179s ]
SQL: SELECT * FROM `n_book` WHERE `sex` = 1 AND `show` = 2 LIMIT 4,1   [ RunTime:0.2206s ]
SQL: SELECT * FROM `n_book` WHERE `sex` = 1 AND `show` = 2 LIMIT 5,1   [ RunTime:0.2173s ]
SQL: SELECT * FROM `n_book` WHERE `sex` = 1 AND `show` = 2 LIMIT 6,1   [ RunTime:0.2187s ]
SQL: SELECT * FROM `n_book` WHERE `sex` = 2 AND `show` = 2 LIMIT 1   [ RunTime:0.2179s ]
SQL: SELECT * FROM `n_book` WHERE `sex` = 2 AND `show` = 2 LIMIT 1,1   [ RunTime:0.2186s ]
SQL: SELECT * FROM `n_book` WHERE `sex` = 2 AND `show` = 2 LIMIT 2,1   [ RunTime:0.2190s ]
SQL: SELECT * FROM `n_book` WHERE `sex` = 2 AND `show` = 2 LIMIT 3,1   [ RunTime:0.2228s ]
SQL: SELECT * FROM `n_book` WHERE `sex` = 2 AND `show` = 2 LIMIT 4,1   [ RunTime:0.2200s ]
SQL: SELECT * FROM `n_book` WHERE `sex` = 2 AND `show` = 2 LIMIT 5,1   [ RunTime:0.2061s ]
SQL: SELECT * FROM `n_book` WHERE `sex` = 2 AND `show` = 2 LIMIT 6,1   [ RunTime:0.2156s ]
NOTIC: [8] Undefined offset: 0 /Users/henry/Sites/book/Application/Home/Controller/IndexController.class.php 第 37 行.
NOTIC: [8] Undefined offset: 0 /Users/henry/Sites/book/Application/Home/Controller/IndexController.class.php 第 38 行.
NOTIC: [8] Undefined offset: 0 /Users/henry/Sites/book/Application/Home/Controller/IndexController.class.php 第 39 行.
NOTIC: [8] Undefined offset: 0 /Users/henry/Sites/book/Application/Home/Controller/IndexController.class.php 第 40 行.
NOTIC: [8] Undefined offset: 0 /Users/henry/Sites/book/Application/Home/Controller/IndexController.class.php 第 41 行.
NOTIC: [8] Undefined offset: 0 /Users/henry/Sites/book/Application/Home/Controller/IndexController.class.php 第 43 行.
NOTIC: [8] Undefined offset: 0 /Users/henry/Sites/book/Application/Home/Controller/IndexController.class.php 第 44 行.
NOTIC: [8] Undefined offset: 0 /Users/henry/Sites/book/Application/Home/Controller/IndexController.class.php 第 45 行.
NOTIC: [8] Undefined offset: 0 /Users/henry/Sites/book/Application/Home/Controller/IndexController.class.php 第 46 行.
NOTIC: [8] Undefined offset: 0 /Users/henry/Sites/book/Application/Home/Controller/IndexController.class.php 第 47 行.
NOTIC: [8] Undefined offset: 0 /Users/henry/Sites/book/Application/Home/Controller/IndexController.class.php 第 48 行.
SQL: SHOW COLUMNS FROM `n_history` [ RunTime:0.2202s ]
SQL: SELECT n_history.*,n_book.title AS btitle FROM `n_history` LEFT JOIN n_book ON n_book.id = n_history.biid  WHERE `uid` = null ORDER BY time DESC LIMIT 1   [ RunTime:0.2184s ]
SQL: SHOW COLUMNS FROM `n_wechat` [ RunTime:0.3190s ]
SQL: SELECT * FROM `n_wechat` WHERE `weburl` = 'localhost' LIMIT 1   [ RunTime:0.2201s ]
INFO: [ view_parse ] --START--
INFO: [ template_filter ] --START--
INFO: Run Behavior\ContentReplaceBehavior [ RunTime:0.000148s ]
INFO: [ template_filter ] --END-- [ RunTime:0.000172s ]
INFO: Run Behavior\ParseTemplateBehavior [ RunTime:0.012004s ]
INFO: [ view_parse ] --END-- [ RunTime:0.012040s ]
INFO: [ view_filter ] --START--
INFO: Run Behavior\WriteHtmlCacheBehavior [ RunTime:0.000188s ]
INFO: [ view_filter ] --END-- [ RunTime:0.000204s ]
INFO: [ app_end ] --START--
INFO: Run Behavior\ShowPageTraceBehavior [ RunTime:0.000407s ]
INFO: [ app_end ] --END-- [ RunTime:0.000431s ]

[ 2019-04-11T21:47:48+08:00 ] ::1 /book/Public/admin/js/jquery-1.4.2.min.js')%7D%7D
INFO: [ app_init ] --START--
INFO: Run Behavior\BuildLiteBehavior [ RunTime:0.000008s ]
INFO: [ app_init ] --END-- [ RunTime:0.000343s ]
NOTIC: [2] preg_replace(): Compilation failed: unmatched parentheses at offset 5 /Users/henry/Sites/book/ThinkPHP/Library/Think/Dispatcher.class.php 第 127 行.
INFO: [ app_begin ] --START--
INFO: Run Behavior\ReadHtmlCacheBehavior [ RunTime:0.000454s ]
INFO: [ app_begin ] --END-- [ RunTime:0.000480s ]
ERR: 无法加载控制器:Admin

