[ 2019-04-11T13:06:31+08:00 ] ::1 /book/admin
INFO: [ app_init ] --START--
INFO: Run Behavior\BuildLiteBehavior [ RunTime:0.000007s ]
INFO: [ app_init ] --END-- [ RunTime:0.000541s ]
INFO: [ app_begin ] --START--
INFO: Run Behavior\ReadHtmlCacheBehavior [ RunTime:0.000709s ]
INFO: [ app_begin ] --END-- [ RunTime:0.000761s ]
NOTIC: [2] Declaration of Admin\Controller\IndexController::show() should be compatible with Think\Controller::show($content, $charset = '', $contentType = '', $prefix = '') /Users/henry/Sites/book/Application/Admin/Controller/IndexController.class.php 第 135 行.

[ 2019-04-11T13:06:31+08:00 ] ::1 /book/Admin/Login/login.html
INFO: [ app_init ] --START--
INFO: Run Behavior\BuildLiteBehavior [ RunTime:0.000007s ]
INFO: [ app_init ] --END-- [ RunTime:0.000217s ]
INFO: [ app_begin ] --START--
INFO: Run Behavior\ReadHtmlCacheBehavior [ RunTime:0.000411s ]
INFO: [ app_begin ] --END-- [ RunTime:0.000431s ]
INFO: [ view_parse ] --START--
INFO: [ template_filter ] --START--
INFO: Run Behavior\ContentReplaceBehavior [ RunTime:0.000022s ]
INFO: [ template_filter ] --END-- [ RunTime:0.000051s ]
INFO: Run Behavior\ParseTemplateBehavior [ RunTime:0.006551s ]
INFO: [ view_parse ] --END-- [ RunTime:0.006582s ]
INFO: [ view_filter ] --START--
INFO: Run Behavior\WriteHtmlCacheBehavior [ RunTime:0.000567s ]
INFO: [ view_filter ] --END-- [ RunTime:0.000593s ]
INFO: [ app_end ] --START--
INFO: Run Behavior\ShowPageTraceBehavior [ RunTime:0.000778s ]
INFO: [ app_end ] --END-- [ RunTime:0.000803s ]

[ 2019-04-11T13:06:38+08:00 ] ::1 /book/Admin/Login/doLogin
INFO: [ app_init ] --START--
INFO: Run Behavior\BuildLiteBehavior [ RunTime:0.000006s ]
INFO: [ app_init ] --END-- [ RunTime:0.000167s ]
INFO: [ app_begin ] --START--
INFO: Run Behavior\ReadHtmlCacheBehavior [ RunTime:0.000205s ]
INFO: [ app_begin ] --END-- [ RunTime:0.000219s ]
SQL: SHOW COLUMNS FROM `n_admin` [ RunTime:0.0013s ]
SQL: SELECT COUNT(*) AS tp_count FROM `n_admin` WHERE `username` = 'admin' AND `password` = '202cb962ac59075b964b07152d234b70' LIMIT 1   [ RunTime:0.0007s ]
SQL: SELECT * FROM `n_admin` WHERE `username` = 'admin' AND `password` = '202cb962ac59075b964b07152d234b70' LIMIT 1   [ RunTime:0.0002s ]

[ 2019-04-11T13:06:38+08:00 ] ::1 /book/Admin/Index/index.html
INFO: [ app_init ] --START--
INFO: Run Behavior\BuildLiteBehavior [ RunTime:0.000006s ]
INFO: [ app_init ] --END-- [ RunTime:0.000156s ]
INFO: [ app_begin ] --START--
INFO: Run Behavior\ReadHtmlCacheBehavior [ RunTime:0.000198s ]
INFO: [ app_begin ] --END-- [ RunTime:0.000212s ]
NOTIC: [2] Declaration of Admin\Controller\IndexController::show() should be compatible with Think\Controller::show($content, $charset = '', $contentType = '', $prefix = '') /Users/henry/Sites/book/Application/Admin/Controller/IndexController.class.php 第 135 行.
SQL: SHOW COLUMNS FROM `n_admin` [ RunTime:0.0010s ]
SQL: SELECT * FROM `n_admin` WHERE `id` = 1 LIMIT 1   [ RunTime:0.0003s ]
SQL: SHOW COLUMNS FROM `n_news` [ RunTime:0.0013s ]
SQL: SELECT * FROM `n_news` WHERE `show` <> 3 ORDER BY time DESC  [ RunTime:0.0011s ]
INFO: [ view_parse ] --START--
INFO: [ template_filter ] --START--
INFO: Run Behavior\ContentReplaceBehavior [ RunTime:0.000084s ]
INFO: [ template_filter ] --END-- [ RunTime:0.000103s ]
INFO: Run Behavior\ParseTemplateBehavior [ RunTime:0.007168s ]
INFO: [ view_parse ] --END-- [ RunTime:0.007189s ]
INFO: [ view_filter ] --START--
INFO: Run Behavior\WriteHtmlCacheBehavior [ RunTime:0.000107s ]
INFO: [ view_filter ] --END-- [ RunTime:0.000119s ]
INFO: [ app_end ] --START--
INFO: Run Behavior\ShowPageTraceBehavior [ RunTime:0.000292s ]
INFO: [ app_end ] --END-- [ RunTime:0.000306s ]

[ 2019-04-11T13:06:43+08:00 ] ::1 /book/Admin/Index/news_list.html
INFO: [ app_init ] --START--
INFO: Run Behavior\BuildLiteBehavior [ RunTime:0.000006s ]
INFO: [ app_init ] --END-- [ RunTime:0.000168s ]
INFO: [ app_begin ] --START--
INFO: Run Behavior\ReadHtmlCacheBehavior [ RunTime:0.000481s ]
INFO: [ app_begin ] --END-- [ RunTime:0.000519s ]
NOTIC: [2] Declaration of Admin\Controller\IndexController::show() should be compatible with Think\Controller::show($content, $charset = '', $contentType = '', $prefix = '') /Users/henry/Sites/book/Application/Admin/Controller/IndexController.class.php 第 135 行.
SQL: SHOW COLUMNS FROM `n_admin` [ RunTime:0.0012s ]
SQL: SELECT * FROM `n_admin` WHERE `id` = 1 LIMIT 1   [ RunTime:0.0005s ]
SQL: SHOW COLUMNS FROM `n_news` [ RunTime:0.0008s ]
SQL: SELECT * FROM `n_news` ORDER BY time DESC  [ RunTime:0.0003s ]
INFO: [ view_parse ] --START--
INFO: [ template_filter ] --START--
INFO: Run Behavior\ContentReplaceBehavior [ RunTime:0.000143s ]
INFO: [ template_filter ] --END-- [ RunTime:0.000187s ]
INFO: Run Behavior\ParseTemplateBehavior [ RunTime:0.008201s ]
INFO: [ view_parse ] --END-- [ RunTime:0.008219s ]
INFO: [ view_filter ] --START--
INFO: Run Behavior\WriteHtmlCacheBehavior [ RunTime:0.000119s ]
INFO: [ view_filter ] --END-- [ RunTime:0.000132s ]
INFO: [ app_end ] --START--
INFO: Run Behavior\ShowPageTraceBehavior [ RunTime:0.000347s ]
INFO: [ app_end ] --END-- [ RunTime:0.000363s ]

[ 2019-04-11T13:06:43+08:00 ] ::1 /book/Admin/Index/elements.onpage-help.js
INFO: [ app_init ] --START--
INFO: Run Behavior\BuildLiteBehavior [ RunTime:0.000007s ]
INFO: [ app_init ] --END-- [ RunTime:0.000260s ]
INFO: [ app_begin ] --START--
INFO: Run Behavior\ReadHtmlCacheBehavior [ RunTime:0.001009s ]
INFO: [ app_begin ] --END-- [ RunTime:0.001046s ]
NOTIC: [2] Declaration of Admin\Controller\IndexController::show() should be compatible with Think\Controller::show($content, $charset = '', $contentType = '', $prefix = '') /Users/henry/Sites/book/Application/Admin/Controller/IndexController.class.php 第 135 行.
ERR: 非法操作:elements.onpage-help.js

[ 2019-04-11T13:06:43+08:00 ] ::1 /book/Admin/Index/ace.onpage-help.js
INFO: [ app_init ] --START--
INFO: Run Behavior\BuildLiteBehavior [ RunTime:0.000007s ]
INFO: [ app_init ] --END-- [ RunTime:0.000174s ]
INFO: [ app_begin ] --START--
INFO: Run Behavior\ReadHtmlCacheBehavior [ RunTime:0.000631s ]
INFO: [ app_begin ] --END-- [ RunTime:0.000651s ]
NOTIC: [2] Declaration of Admin\Controller\IndexController::show() should be compatible with Think\Controller::show($content, $charset = '', $contentType = '', $prefix = '') /Users/henry/Sites/book/Application/Admin/Controller/IndexController.class.php 第 135 行.
ERR: 非法操作:ace.onpage-help.js

[ 2019-04-11T13:06:43+08:00 ] ::1 /book/Admin/Index/elements.onpage-help.js
INFO: [ app_init ] --START--
INFO: Run Behavior\BuildLiteBehavior [ RunTime:0.000006s ]
INFO: [ app_init ] --END-- [ RunTime:0.000159s ]
INFO: [ app_begin ] --START--
INFO: Run Behavior\ReadHtmlCacheBehavior [ RunTime:0.000203s ]
INFO: [ app_begin ] --END-- [ RunTime:0.000217s ]
NOTIC: [2] Declaration of Admin\Controller\IndexController::show() should be compatible with Think\Controller::show($content, $charset = '', $contentType = '', $prefix = '') /Users/henry/Sites/book/Application/Admin/Controller/IndexController.class.php 第 135 行.
ERR: 非法操作:elements.onpage-help.js

[ 2019-04-11T13:06:43+08:00 ] ::1 /book/Admin/Index/ace.onpage-help.js
INFO: [ app_init ] --START--
INFO: Run Behavior\BuildLiteBehavior [ RunTime:0.000005s ]
INFO: [ app_init ] --END-- [ RunTime:0.000209s ]
INFO: [ app_begin ] --START--
INFO: Run Behavior\ReadHtmlCacheBehavior [ RunTime:0.000242s ]
INFO: [ app_begin ] --END-- [ RunTime:0.000255s ]
NOTIC: [2] Declaration of Admin\Controller\IndexController::show() should be compatible with Think\Controller::show($content, $charset = '', $contentType = '', $prefix = '') /Users/henry/Sites/book/Application/Admin/Controller/IndexController.class.php 第 135 行.
ERR: 非法操作:ace.onpage-help.js

[ 2019-04-11T13:06:47+08:00 ] ::1 /book/Admin/Static/order_static.html
INFO: [ app_init ] --START--
INFO: Run Behavior\BuildLiteBehavior [ RunTime:0.000008s ]
INFO: [ app_init ] --END-- [ RunTime:0.000290s ]
INFO: [ app_begin ] --START--
INFO: Run Behavior\ReadHtmlCacheBehavior [ RunTime:0.000232s ]
INFO: [ app_begin ] --END-- [ RunTime:0.000249s ]
SQL: SHOW COLUMNS FROM `n_admin` [ RunTime:0.0011s ]
SQL: SELECT * FROM `n_admin` WHERE `id` = 1 LIMIT 1   [ RunTime:0.0005s ]
SQL: SHOW COLUMNS FROM `n_chanrge` [ RunTime:0.0022s ]
SQL: SELECT n_chanrge.*,n_admin.nickname,n_user.nickname AS usernickname FROM `n_chanrge` LEFT JOIN n_admin ON n_chanrge.aid = n_admin.id INNER JOIN n_user ON n_chanrge.uid = n_user.id  WHERE n_chanrge.id <> 0 ORDER BY n_chanrge.time DESC  [ RunTime:0.0085s ]
INFO: [ view_parse ] --START--
INFO: [ template_filter ] --START--
INFO: Run Behavior\ContentReplaceBehavior [ RunTime:0.000080s ]
INFO: [ template_filter ] --END-- [ RunTime:0.000100s ]
INFO: Run Behavior\ParseTemplateBehavior [ RunTime:0.010853s ]
INFO: [ view_parse ] --END-- [ RunTime:0.010870s ]
INFO: [ view_filter ] --START--
INFO: Run Behavior\WriteHtmlCacheBehavior [ RunTime:0.000097s ]
INFO: [ view_filter ] --END-- [ RunTime:0.000107s ]
INFO: [ app_end ] --START--
INFO: Run Behavior\ShowPageTraceBehavior [ RunTime:0.000282s ]
INFO: [ app_end ] --END-- [ RunTime:0.000295s ]

[ 2019-04-11T13:06:51+08:00 ] ::1 /book/Admin/Static/chanrge_static.html
INFO: [ app_init ] --START--
INFO: Run Behavior\BuildLiteBehavior [ RunTime:0.000007s ]
INFO: [ app_init ] --END-- [ RunTime:0.000178s ]
INFO: [ app_begin ] --START--
INFO: Run Behavior\ReadHtmlCacheBehavior [ RunTime:0.000256s ]
INFO: [ app_begin ] --END-- [ RunTime:0.000275s ]
SQL: SHOW COLUMNS FROM `n_admin` [ RunTime:0.0013s ]
SQL: SELECT * FROM `n_admin` WHERE `id` = 1 LIMIT 1   [ RunTime:0.0005s ]
SQL: SHOW COLUMNS FROM `n_chanrge` [ RunTime:0.0008s ]
SQL: SELECT SUM(moneyall) AS tp_sum FROM `n_chanrge` WHERE `time2` = '2019-04-11' AND `type` = '充值金币' AND (  `id` <> 0 ) LIMIT 1   [ RunTime:0.0016s ]
SQL: SELECT SUM(moneyall) AS tp_sum FROM `n_chanrge` WHERE `time2` = '2019-04-11' AND `type` = '充值会员' AND (  `id` <> 0 ) LIMIT 1   [ RunTime:0.0008s ]
SQL: SELECT SUM(moneyall) AS tp_sum FROM `n_chanrge` WHERE `time2` = '2019-04-10' AND `type` = '充值金币' AND (  `id` <> 0 ) LIMIT 1   [ RunTime:0.0004s ]
SQL: SELECT SUM(moneyall) AS tp_sum FROM `n_chanrge` WHERE `time2` = '2019-04-10' AND `type` = '充值会员' AND (  `id` <> 0 ) LIMIT 1   [ RunTime:0.0004s ]
SQL: SELECT SUM(moneyall) AS tp_sum FROM `n_chanrge` WHERE (  `time` BETWEEN 1554048000 AND 1554959211 ) AND `type` = '充值金币' AND (  `id` <> 0 ) LIMIT 1   [ RunTime:0.0019s ]
SQL: SELECT SUM(moneyall) AS tp_sum FROM `n_chanrge` WHERE (  `time` BETWEEN 1554048000 AND 1554959211 ) AND `type` = '充值会员' AND (  `id` <> 0 ) LIMIT 1   [ RunTime:0.0003s ]
SQL: SELECT SUM(moneyall) AS tp_sum FROM `n_chanrge` WHERE `type` = '充值金币' AND (  `id` <> 0 ) LIMIT 1   [ RunTime:0.0003s ]
SQL: SELECT SUM(moneyall) AS tp_sum FROM `n_chanrge` WHERE `type` = '充值会员' AND (  `id` <> 0 ) LIMIT 1   [ RunTime:0.0003s ]
SQL: SELECT SUM(moneyall) AS tp_sum FROM `n_chanrge` WHERE `type` = '充值金币' AND `time2` = '2019-04-11' AND (  `id` <> 0 ) LIMIT 1   [ RunTime:0.0004s ]
SQL: SELECT COUNT(*) AS tp_count FROM `n_chanrge` WHERE `type` = '充值金币' AND `time2` = '2019-04-11' AND (  `id` <> 0 ) LIMIT 1   [ RunTime:0.0003s ]
SQL: SELECT SUM(moneyall) AS tp_sum FROM `n_chanrge` WHERE `type` = '充值会员' AND `time2` = '2019-04-11' AND (  `id` <> 0 ) LIMIT 1   [ RunTime:0.0003s ]
SQL: SELECT COUNT(*) AS tp_count FROM `n_chanrge` WHERE `type` = '充值会员' AND `time2` = '2019-04-11' AND (  `id` <> 0 ) LIMIT 1   [ RunTime:0.0003s ]
SQL: SELECT SUM(moneyall) AS tp_sum FROM `n_chanrge` WHERE `type` = '充值金币' AND `time2` = '2019-04-10' AND (  `id` <> 0 ) LIMIT 1   [ RunTime:0.0003s ]
SQL: SELECT COUNT(*) AS tp_count FROM `n_chanrge` WHERE `type` = '充值金币' AND `time2` = '2019-04-10' AND (  `id` <> 0 ) LIMIT 1   [ RunTime:0.0003s ]
SQL: SELECT SUM(moneyall) AS tp_sum FROM `n_chanrge` WHERE `type` = '充值会员' AND `time2` = '2019-04-10' AND (  `id` <> 0 ) LIMIT 1   [ RunTime:0.0003s ]
SQL: SELECT COUNT(*) AS tp_count FROM `n_chanrge` WHERE `type` = '充值会员' AND `time2` = '2019-04-10' AND (  `id` <> 0 ) LIMIT 1   [ RunTime:0.0003s ]
SQL: SELECT SUM(moneyall) AS tp_sum FROM `n_chanrge` WHERE `type` = '充值金币' AND `time2` = '2019-04-09' AND (  `id` <> 0 ) LIMIT 1   [ RunTime:0.0003s ]
SQL: SELECT COUNT(*) AS tp_count FROM `n_chanrge` WHERE `type` = '充值金币' AND `time2` = '2019-04-09' AND (  `id` <> 0 ) LIMIT 1   [ RunTime:0.0003s ]
SQL: SELECT SUM(moneyall) AS tp_sum FROM `n_chanrge` WHERE `type` = '充值会员' AND `time2` = '2019-04-09' AND (  `id` <> 0 ) LIMIT 1   [ RunTime:0.0003s ]
SQL: SELECT COUNT(*) AS tp_count FROM `n_chanrge` WHERE `type` = '充值会员' AND `time2` = '2019-04-09' AND (  `id` <> 0 ) LIMIT 1   [ RunTime:0.0003s ]
SQL: SELECT SUM(moneyall) AS tp_sum FROM `n_chanrge` WHERE `type` = '充值金币' AND `time2` = '2019-04-08' AND (  `id` <> 0 ) LIMIT 1   [ RunTime:0.0003s ]
SQL: SELECT COUNT(*) AS tp_count FROM `n_chanrge` WHERE `type` = '充值金币' AND `time2` = '2019-04-08' AND (  `id` <> 0 ) LIMIT 1   [ RunTime:0.0003s ]
SQL: SELECT SUM(moneyall) AS tp_sum FROM `n_chanrge` WHERE `type` = '充值会员' AND `time2` = '2019-04-08' AND (  `id` <> 0 ) LIMIT 1   [ RunTime:0.0002s ]
SQL: SELECT COUNT(*) AS tp_count FROM `n_chanrge` WHERE `type` = '充值会员' AND `time2` = '2019-04-08' AND (  `id` <> 0 ) LIMIT 1   [ RunTime:0.0002s ]
SQL: SELECT SUM(moneyall) AS tp_sum FROM `n_chanrge` WHERE `type` = '充值金币' AND `time2` = '2019-04-07' AND (  `id` <> 0 ) LIMIT 1   [ RunTime:0.0003s ]
SQL: SELECT COUNT(*) AS tp_count FROM `n_chanrge` WHERE `type` = '充值金币' AND `time2` = '2019-04-07' AND (  `id` <> 0 ) LIMIT 1   [ RunTime:0.0002s ]
SQL: SELECT SUM(moneyall) AS tp_sum FROM `n_chanrge` WHERE `type` = '充值会员' AND `time2` = '2019-04-07' AND (  `id` <> 0 ) LIMIT 1   [ RunTime:0.0002s ]
SQL: SELECT COUNT(*) AS tp_count FROM `n_chanrge` WHERE `type` = '充值会员' AND `time2` = '2019-04-07' AND (  `id` <> 0 ) LIMIT 1   [ RunTime:0.0002s ]
SQL: SELECT SUM(moneyall) AS tp_sum FROM `n_chanrge` WHERE `type` = '充值金币' AND `time2` = '2019-04-06' AND (  `id` <> 0 ) LIMIT 1   [ RunTime:0.0002s ]
SQL: SELECT COUNT(*) AS tp_count FROM `n_chanrge` WHERE `type` = '充值金币' AND `time2` = '2019-04-06' AND (  `id` <> 0 ) LIMIT 1   [ RunTime:0.0002s ]
SQL: SELECT SUM(moneyall) AS tp_sum FROM `n_chanrge` WHERE `type` = '充值会员' AND `time2` = '2019-04-06' AND (  `id` <> 0 ) LIMIT 1   [ RunTime:0.0002s ]
SQL: SELECT COUNT(*) AS tp_count FROM `n_chanrge` WHERE `type` = '充值会员' AND `time2` = '2019-04-06' AND (  `id` <> 0 ) LIMIT 1   [ RunTime:0.0002s ]
SQL: SELECT SUM(moneyall) AS tp_sum FROM `n_chanrge` WHERE `type` = '充值金币' AND `time2` = '2019-04-05' AND (  `id` <> 0 ) LIMIT 1   [ RunTime:0.0002s ]
SQL: SELECT COUNT(*) AS tp_count FROM `n_chanrge` WHERE `type` = '充值金币' AND `time2` = '2019-04-05' AND (  `id` <> 0 ) LIMIT 1   [ RunTime:0.0002s ]
SQL: SELECT SUM(moneyall) AS tp_sum FROM `n_chanrge` WHERE `type` = '充值会员' AND `time2` = '2019-04-05' AND (  `id` <> 0 ) LIMIT 1   [ RunTime:0.0002s ]
SQL: SELECT COUNT(*) AS tp_count FROM `n_chanrge` WHERE `type` = '充值会员' AND `time2` = '2019-04-05' AND (  `id` <> 0 ) LIMIT 1   [ RunTime:0.0002s ]
SQL: SELECT SUM(moneyall) AS tp_sum FROM `n_chanrge` WHERE `type` = '充值金币' AND `time2` = '2019-04-04' AND (  `id` <> 0 ) LIMIT 1   [ RunTime:0.0002s ]
SQL: SELECT COUNT(*) AS tp_count FROM `n_chanrge` WHERE `type` = '充值金币' AND `time2` = '2019-04-04' AND (  `id` <> 0 ) LIMIT 1   [ RunTime:0.0002s ]
SQL: SELECT SUM(moneyall) AS tp_sum FROM `n_chanrge` WHERE `type` = '充值会员' AND `time2` = '2019-04-04' AND (  `id` <> 0 ) LIMIT 1   [ RunTime:0.0002s ]
SQL: SELECT COUNT(*) AS tp_count FROM `n_chanrge` WHERE `type` = '充值会员' AND `time2` = '2019-04-04' AND (  `id` <> 0 ) LIMIT 1   [ RunTime:0.0002s ]
SQL: SELECT SUM(moneyall) AS tp_sum FROM `n_chanrge` WHERE `type` = '充值金币' AND `time2` = '2019-04-03' AND (  `id` <> 0 ) LIMIT 1   [ RunTime:0.0002s ]
SQL: SELECT COUNT(*) AS tp_count FROM `n_chanrge` WHERE `type` = '充值金币' AND `time2` = '2019-04-03' AND (  `id` <> 0 ) LIMIT 1   [ RunTime:0.0002s ]
SQL: SELECT SUM(moneyall) AS tp_sum FROM `n_chanrge` WHERE `type` = '充值会员' AND `time2` = '2019-04-03' AND (  `id` <> 0 ) LIMIT 1   [ RunTime:0.0002s ]
SQL: SELECT COUNT(*) AS tp_count FROM `n_chanrge` WHERE `type` = '充值会员' AND `time2` = '2019-04-03' AND (  `id` <> 0 ) LIMIT 1   [ RunTime:0.0002s ]
SQL: SELECT SUM(moneyall) AS tp_sum FROM `n_chanrge` WHERE `type` = '充值金币' AND `time2` = '2019-04-02' AND (  `id` <> 0 ) LIMIT 1   [ RunTime:0.0002s ]
SQL: SELECT COUNT(*) AS tp_count FROM `n_chanrge` WHERE `type` = '充值金币' AND `time2` = '2019-04-02' AND (  `id` <> 0 ) LIMIT 1   [ RunTime:0.0002s ]
SQL: SELECT SUM(moneyall) AS tp_sum FROM `n_chanrge` WHERE `type` = '充值会员' AND `time2` = '2019-04-02' AND (  `id` <> 0 ) LIMIT 1   [ RunTime:0.0002s ]
SQL: SELECT COUNT(*) AS tp_count FROM `n_chanrge` WHERE `type` = '充值会员' AND `time2` = '2019-04-02' AND (  `id` <> 0 ) LIMIT 1   [ RunTime:0.0002s ]
SQL: SELECT SUM(moneyall) AS tp_sum FROM `n_chanrge` WHERE `type` = '充值金币' AND `time2` = '2019-04-01' AND (  `id` <> 0 ) LIMIT 1   [ RunTime:0.0002s ]
SQL: SELECT COUNT(*) AS tp_count FROM `n_chanrge` WHERE `type` = '充值金币' AND `time2` = '2019-04-01' AND (  `id` <> 0 ) LIMIT 1   [ RunTime:0.0002s ]
SQL: SELECT SUM(moneyall) AS tp_sum FROM `n_chanrge` WHERE `type` = '充值会员' AND `time2` = '2019-04-01' AND (  `id` <> 0 ) LIMIT 1   [ RunTime:0.0002s ]
SQL: SELECT COUNT(*) AS tp_count FROM `n_chanrge` WHERE `type` = '充值会员' AND `time2` = '2019-04-01' AND (  `id` <> 0 ) LIMIT 1   [ RunTime:0.0002s ]
SQL: SELECT SUM(moneyall) AS tp_sum FROM `n_chanrge` WHERE `type` = '充值金币' AND `time2` = '2019-03-31' AND (  `id` <> 0 ) LIMIT 1   [ RunTime:0.0002s ]
SQL: SELECT COUNT(*) AS tp_count FROM `n_chanrge` WHERE `type` = '充值金币' AND `time2` = '2019-03-31' AND (  `id` <> 0 ) LIMIT 1   [ RunTime:0.0002s ]
SQL: SELECT SUM(moneyall) AS tp_sum FROM `n_chanrge` WHERE `type` = '充值会员' AND `time2` = '2019-03-31' AND (  `id` <> 0 ) LIMIT 1   [ RunTime:0.0002s ]
SQL: SELECT COUNT(*) AS tp_count FROM `n_chanrge` WHERE `type` = '充值会员' AND `time2` = '2019-03-31' AND (  `id` <> 0 ) LIMIT 1   [ RunTime:0.0002s ]
SQL: SELECT SUM(moneyall) AS tp_sum FROM `n_chanrge` WHERE `type` = '充值金币' AND `time2` = '2019-03-30' AND (  `id` <> 0 ) LIMIT 1   [ RunTime:0.0002s ]
SQL: SELECT COUNT(*) AS tp_count FROM `n_chanrge` WHERE `type` = '充值金币' AND `time2` = '2019-03-30' AND (  `id` <> 0 ) LIMIT 1   [ RunTime:0.0002s ]
SQL: SELECT SUM(moneyall) AS tp_sum FROM `n_chanrge` WHERE `type` = '充值会员' AND `time2` = '2019-03-30' AND (  `id` <> 0 ) LIMIT 1   [ RunTime:0.0002s ]
SQL: SELECT COUNT(*) AS tp_count FROM `n_chanrge` WHERE `type` = '充值会员' AND `time2` = '2019-03-30' AND (  `id` <> 0 ) LIMIT 1   [ RunTime:0.0002s ]
SQL: SELECT SUM(moneyall) AS tp_sum FROM `n_chanrge` WHERE `type` = '充值金币' AND `time2` = '2019-03-29' AND (  `id` <> 0 ) LIMIT 1   [ RunTime:0.0002s ]
SQL: SELECT COUNT(*) AS tp_count FROM `n_chanrge` WHERE `type` = '充值金币' AND `time2` = '2019-03-29' AND (  `id` <> 0 ) LIMIT 1   [ RunTime:0.0002s ]
SQL: SELECT SUM(moneyall) AS tp_sum FROM `n_chanrge` WHERE `type` = '充值会员' AND `time2` = '2019-03-29' AND (  `id` <> 0 ) LIMIT 1   [ RunTime:0.0002s ]
SQL: SELECT COUNT(*) AS tp_count FROM `n_chanrge` WHERE `type` = '充值会员' AND `time2` = '2019-03-29' AND (  `id` <> 0 ) LIMIT 1   [ RunTime:0.0002s ]
SQL: SELECT SUM(moneyall) AS tp_sum FROM `n_chanrge` WHERE `type` = '充值金币' AND `time2` = '2019-03-28' AND (  `id` <> 0 ) LIMIT 1   [ RunTime:0.0002s ]
SQL: SELECT COUNT(*) AS tp_count FROM `n_chanrge` WHERE `type` = '充值金币' AND `time2` = '2019-03-28' AND (  `id` <> 0 ) LIMIT 1   [ RunTime:0.0002s ]
SQL: SELECT SUM(moneyall) AS tp_sum FROM `n_chanrge` WHERE `type` = '充值会员' AND `time2` = '2019-03-28' AND (  `id` <> 0 ) LIMIT 1   [ RunTime:0.0002s ]
SQL: SELECT COUNT(*) AS tp_count FROM `n_chanrge` WHERE `type` = '充值会员' AND `time2` = '2019-03-28' AND (  `id` <> 0 ) LIMIT 1   [ RunTime:0.0002s ]
SQL: SELECT SUM(moneyall) AS tp_sum FROM `n_chanrge` WHERE `type` = '充值金币' AND `time2` = '2019-03-27' AND (  `id` <> 0 ) LIMIT 1   [ RunTime:0.0002s ]
SQL: SELECT COUNT(*) AS tp_count FROM `n_chanrge` WHERE `type` = '充值金币' AND `time2` = '2019-03-27' AND (  `id` <> 0 ) LIMIT 1   [ RunTime:0.0002s ]
SQL: SELECT SUM(moneyall) AS tp_sum FROM `n_chanrge` WHERE `type` = '充值会员' AND `time2` = '2019-03-27' AND (  `id` <> 0 ) LIMIT 1   [ RunTime:0.0002s ]
SQL: SELECT COUNT(*) AS tp_count FROM `n_chanrge` WHERE `type` = '充值会员' AND `time2` = '2019-03-27' AND (  `id` <> 0 ) LIMIT 1   [ RunTime:0.0002s ]
SQL: SELECT SUM(moneyall) AS tp_sum FROM `n_chanrge` WHERE `type` = '充值金币' AND `time2` = '2019-03-26' AND (  `id` <> 0 ) LIMIT 1   [ RunTime:0.0003s ]
SQL: SELECT COUNT(*) AS tp_count FROM `n_chanrge` WHERE `type` = '充值金币' AND `time2` = '2019-03-26' AND (  `id` <> 0 ) LIMIT 1   [ RunTime:0.0002s ]
SQL: SELECT SUM(moneyall) AS tp_sum FROM `n_chanrge` WHERE `type` = '充值会员' AND `time2` = '2019-03-26' AND (  `id` <> 0 ) LIMIT 1   [ RunTime:0.0002s ]
SQL: SELECT COUNT(*) AS tp_count FROM `n_chanrge` WHERE `type` = '充值会员' AND `time2` = '2019-03-26' AND (  `id` <> 0 ) LIMIT 1   [ RunTime:0.0002s ]
SQL: SELECT SUM(moneyall) AS tp_sum FROM `n_chanrge` WHERE `type` = '充值金币' AND `time2` = '2019-03-25' AND (  `id` <> 0 ) LIMIT 1   [ RunTime:0.0002s ]
SQL: SELECT COUNT(*) AS tp_count FROM `n_chanrge` WHERE `type` = '充值金币' AND `time2` = '2019-03-25' AND (  `id` <> 0 ) LIMIT 1   [ RunTime:0.0002s ]
SQL: SELECT SUM(moneyall) AS tp_sum FROM `n_chanrge` WHERE `type` = '充值会员' AND `time2` = '2019-03-25' AND (  `id` <> 0 ) LIMIT 1   [ RunTime:0.0002s ]
SQL: SELECT COUNT(*) AS tp_count FROM `n_chanrge` WHERE `type` = '充值会员' AND `time2` = '2019-03-25' AND (  `id` <> 0 ) LIMIT 1   [ RunTime:0.0002s ]
SQL: SELECT SUM(moneyall) AS tp_sum FROM `n_chanrge` WHERE `type` = '充值金币' AND `time2` = '2019-03-24' AND (  `id` <> 0 ) LIMIT 1   [ RunTime:0.0002s ]
SQL: SELECT COUNT(*) AS tp_count FROM `n_chanrge` WHERE `type` = '充值金币' AND `time2` = '2019-03-24' AND (  `id` <> 0 ) LIMIT 1   [ RunTime:0.0002s ]
SQL: SELECT SUM(moneyall) AS tp_sum FROM `n_chanrge` WHERE `type` = '充值会员' AND `time2` = '2019-03-24' AND (  `id` <> 0 ) LIMIT 1   [ RunTime:0.0002s ]
SQL: SELECT COUNT(*) AS tp_count FROM `n_chanrge` WHERE `type` = '充值会员' AND `time2` = '2019-03-24' AND (  `id` <> 0 ) LIMIT 1   [ RunTime:0.0002s ]
SQL: SELECT SUM(moneyall) AS tp_sum FROM `n_chanrge` WHERE `type` = '充值金币' AND `time2` = '2019-03-23' AND (  `id` <> 0 ) LIMIT 1   [ RunTime:0.0002s ]
SQL: SELECT COUNT(*) AS tp_count FROM `n_chanrge` WHERE `type` = '充值金币' AND `time2` = '2019-03-23' AND (  `id` <> 0 ) LIMIT 1   [ RunTime:0.0003s ]
SQL: SELECT SUM(moneyall) AS tp_sum FROM `n_chanrge` WHERE `type` = '充值会员' AND `time2` = '2019-03-23' AND (  `id` <> 0 ) LIMIT 1   [ RunTime:0.0002s ]
SQL: SELECT COUNT(*) AS tp_count FROM `n_chanrge` WHERE `type` = '充值会员' AND `time2` = '2019-03-23' AND (  `id` <> 0 ) LIMIT 1   [ RunTime:0.0003s ]
SQL: SELECT SUM(moneyall) AS tp_sum FROM `n_chanrge` WHERE `type` = '充值金币' AND `time2` = '2019-03-22' AND (  `id` <> 0 ) LIMIT 1   [ RunTime:0.0004s ]
SQL: SELECT COUNT(*) AS tp_count FROM `n_chanrge` WHERE `type` = '充值金币' AND `time2` = '2019-03-22' AND (  `id` <> 0 ) LIMIT 1   [ RunTime:0.0003s ]
SQL: SELECT SUM(moneyall) AS tp_sum FROM `n_chanrge` WHERE `type` = '充值会员' AND `time2` = '2019-03-22' AND (  `id` <> 0 ) LIMIT 1   [ RunTime:0.0003s ]
SQL: SELECT COUNT(*) AS tp_count FROM `n_chanrge` WHERE `type` = '充值会员' AND `time2` = '2019-03-22' AND (  `id` <> 0 ) LIMIT 1   [ RunTime:0.0003s ]
SQL: SELECT SUM(moneyall) AS tp_sum FROM `n_chanrge` WHERE `type` = '充值金币' AND `time2` = '2019-03-21' AND (  `id` <> 0 ) LIMIT 1   [ RunTime:0.0003s ]
SQL: SELECT COUNT(*) AS tp_count FROM `n_chanrge` WHERE `type` = '充值金币' AND `time2` = '2019-03-21' AND (  `id` <> 0 ) LIMIT 1   [ RunTime:0.0003s ]
SQL: SELECT SUM(moneyall) AS tp_sum FROM `n_chanrge` WHERE `type` = '充值会员' AND `time2` = '2019-03-21' AND (  `id` <> 0 ) LIMIT 1   [ RunTime:0.0002s ]
SQL: SELECT COUNT(*) AS tp_count FROM `n_chanrge` WHERE `type` = '充值会员' AND `time2` = '2019-03-21' AND (  `id` <> 0 ) LIMIT 1   [ RunTime:0.0002s ]
SQL: SELECT SUM(moneyall) AS tp_sum FROM `n_chanrge` WHERE `type` = '充值金币' AND `time2` = '2019-03-20' AND (  `id` <> 0 ) LIMIT 1   [ RunTime:0.0002s ]
SQL: SELECT COUNT(*) AS tp_count FROM `n_chanrge` WHERE `type` = '充值金币' AND `time2` = '2019-03-20' AND (  `id` <> 0 ) LIMIT 1   [ RunTime:0.0003s ]
SQL: SELECT SUM(moneyall) AS tp_sum FROM `n_chanrge` WHERE `type` = '充值会员' AND `time2` = '2019-03-20' AND (  `id` <> 0 ) LIMIT 1   [ RunTime:0.0003s ]
SQL: SELECT COUNT(*) AS tp_count FROM `n_chanrge` WHERE `type` = '充值会员' AND `time2` = '2019-03-20' AND (  `id` <> 0 ) LIMIT 1   [ RunTime:0.0003s ]
SQL: SELECT SUM(moneyall) AS tp_sum FROM `n_chanrge` WHERE `type` = '充值金币' AND `time2` = '2019-03-19' AND (  `id` <> 0 ) LIMIT 1   [ RunTime:0.0002s ]
SQL: SELECT COUNT(*) AS tp_count FROM `n_chanrge` WHERE `type` = '充值金币' AND `time2` = '2019-03-19' AND (  `id` <> 0 ) LIMIT 1   [ RunTime:0.0002s ]
SQL: SELECT SUM(moneyall) AS tp_sum FROM `n_chanrge` WHERE `type` = '充值会员' AND `time2` = '2019-03-19' AND (  `id` <> 0 ) LIMIT 1   [ RunTime:0.0002s ]
SQL: SELECT COUNT(*) AS tp_count FROM `n_chanrge` WHERE `type` = '充值会员' AND `time2` = '2019-03-19' AND (  `id` <> 0 ) LIMIT 1   [ RunTime:0.0002s ]
SQL: SELECT SUM(moneyall) AS tp_sum FROM `n_chanrge` WHERE `type` = '充值金币' AND `time2` = '2019-03-18' AND (  `id` <> 0 ) LIMIT 1   [ RunTime:0.0002s ]
SQL: SELECT COUNT(*) AS tp_count FROM `n_chanrge` WHERE `type` = '充值金币' AND `time2` = '2019-03-18' AND (  `id` <> 0 ) LIMIT 1   [ RunTime:0.0002s ]
SQL: SELECT SUM(moneyall) AS tp_sum FROM `n_chanrge` WHERE `type` = '充值会员' AND `time2` = '2019-03-18' AND (  `id` <> 0 ) LIMIT 1   [ RunTime:0.0002s ]
SQL: SELECT COUNT(*) AS tp_count FROM `n_chanrge` WHERE `type` = '充值会员' AND `time2` = '2019-03-18' AND (  `id` <> 0 ) LIMIT 1   [ RunTime:0.0002s ]
SQL: SELECT SUM(moneyall) AS tp_sum FROM `n_chanrge` WHERE `type` = '充值金币' AND `time2` = '2019-03-17' AND (  `id` <> 0 ) LIMIT 1   [ RunTime:0.0002s ]
SQL: SELECT COUNT(*) AS tp_count FROM `n_chanrge` WHERE `type` = '充值金币' AND `time2` = '2019-03-17' AND (  `id` <> 0 ) LIMIT 1   [ RunTime:0.0002s ]
SQL: SELECT SUM(moneyall) AS tp_sum FROM `n_chanrge` WHERE `type` = '充值会员' AND `time2` = '2019-03-17' AND (  `id` <> 0 ) LIMIT 1   [ RunTime:0.0002s ]
SQL: SELECT COUNT(*) AS tp_count FROM `n_chanrge` WHERE `type` = '充值会员' AND `time2` = '2019-03-17' AND (  `id` <> 0 ) LIMIT 1   [ RunTime:0.0002s ]
SQL: SELECT SUM(moneyall) AS tp_sum FROM `n_chanrge` WHERE `type` = '充值金币' AND `time2` = '2019-03-16' AND (  `id` <> 0 ) LIMIT 1   [ RunTime:0.0002s ]
SQL: SELECT COUNT(*) AS tp_count FROM `n_chanrge` WHERE `type` = '充值金币' AND `time2` = '2019-03-16' AND (  `id` <> 0 ) LIMIT 1   [ RunTime:0.0002s ]
SQL: SELECT SUM(moneyall) AS tp_sum FROM `n_chanrge` WHERE `type` = '充值会员' AND `time2` = '2019-03-16' AND (  `id` <> 0 ) LIMIT 1   [ RunTime:0.0002s ]
SQL: SELECT COUNT(*) AS tp_count FROM `n_chanrge` WHERE `type` = '充值会员' AND `time2` = '2019-03-16' AND (  `id` <> 0 ) LIMIT 1   [ RunTime:0.0002s ]
SQL: SELECT SUM(moneyall) AS tp_sum FROM `n_chanrge` WHERE `type` = '充值金币' AND `time2` = '2019-03-15' AND (  `id` <> 0 ) LIMIT 1   [ RunTime:0.0002s ]
SQL: SELECT COUNT(*) AS tp_count FROM `n_chanrge` WHERE `type` = '充值金币' AND `time2` = '2019-03-15' AND (  `id` <> 0 ) LIMIT 1   [ RunTime:0.0002s ]
SQL: SELECT SUM(moneyall) AS tp_sum FROM `n_chanrge` WHERE `type` = '充值会员' AND `time2` = '2019-03-15' AND (  `id` <> 0 ) LIMIT 1   [ RunTime:0.0002s ]
SQL: SELECT COUNT(*) AS tp_count FROM `n_chanrge` WHERE `type` = '充值会员' AND `time2` = '2019-03-15' AND (  `id` <> 0 ) LIMIT 1   [ RunTime:0.0002s ]
SQL: SELECT SUM(moneyall) AS tp_sum FROM `n_chanrge` WHERE `type` = '充值金币' AND `time2` = '2019-03-14' AND (  `id` <> 0 ) LIMIT 1   [ RunTime:0.0002s ]
SQL: SELECT COUNT(*) AS tp_count FROM `n_chanrge` WHERE `type` = '充值金币' AND `time2` = '2019-03-14' AND (  `id` <> 0 ) LIMIT 1   [ RunTime:0.0002s ]
SQL: SELECT SUM(moneyall) AS tp_sum FROM `n_chanrge` WHERE `type` = '充值会员' AND `time2` = '2019-03-14' AND (  `id` <> 0 ) LIMIT 1   [ RunTime:0.0002s ]
SQL: SELECT COUNT(*) AS tp_count FROM `n_chanrge` WHERE `type` = '充值会员' AND `time2` = '2019-03-14' AND (  `id` <> 0 ) LIMIT 1   [ RunTime:0.0002s ]
SQL: SELECT SUM(moneyall) AS tp_sum FROM `n_chanrge` WHERE `type` = '充值金币' AND `time2` = '2019-03-13' AND (  `id` <> 0 ) LIMIT 1   [ RunTime:0.0002s ]
SQL: SELECT COUNT(*) AS tp_count FROM `n_chanrge` WHERE `type` = '充值金币' AND `time2` = '2019-03-13' AND (  `id` <> 0 ) LIMIT 1   [ RunTime:0.0002s ]
SQL: SELECT SUM(moneyall) AS tp_sum FROM `n_chanrge` WHERE `type` = '充值会员' AND `time2` = '2019-03-13' AND (  `id` <> 0 ) LIMIT 1   [ RunTime:0.0002s ]
SQL: SELECT COUNT(*) AS tp_count FROM `n_chanrge` WHERE `type` = '充值会员' AND `time2` = '2019-03-13' AND (  `id` <> 0 ) LIMIT 1   [ RunTime:0.0002s ]
INFO: [ view_parse ] --START--
INFO: [ template_filter ] --START--
INFO: Run Behavior\ContentReplaceBehavior [ RunTime:0.000172s ]
INFO: [ template_filter ] --END-- [ RunTime:0.000200s ]
INFO: Run Behavior\ParseTemplateBehavior [ RunTime:0.010339s ]
INFO: [ view_parse ] --END-- [ RunTime:0.010359s ]
INFO: [ view_filter ] --START--
INFO: Run Behavior\WriteHtmlCacheBehavior [ RunTime:0.000134s ]
INFO: [ view_filter ] --END-- [ RunTime:0.000146s ]
INFO: [ app_end ] --START--
INFO: Run Behavior\ShowPageTraceBehavior [ RunTime:0.000341s ]
INFO: [ app_end ] --END-- [ RunTime:0.000356s ]

[ 2019-04-11T13:06:58+08:00 ] ::1 /book/Admin/Book/book_list.html
INFO: [ app_init ] --START--
INFO: Run Behavior\BuildLiteBehavior [ RunTime:0.000006s ]
INFO: [ app_init ] --END-- [ RunTime:0.000164s ]
INFO: [ app_begin ] --START--
INFO: Run Behavior\ReadHtmlCacheBehavior [ RunTime:0.000208s ]
INFO: [ app_begin ] --END-- [ RunTime:0.000222s ]
SQL: SHOW COLUMNS FROM `n_admin` [ RunTime:0.0010s ]
SQL: SELECT * FROM `n_admin` WHERE `id` = 1 LIMIT 1   [ RunTime:0.0004s ]
SQL: SHOW COLUMNS FROM `n_book` [ RunTime:0.0007s ]
SQL: SHOW COLUMNS FROM `n_type` [ RunTime:0.0006s ]
SQL: SELECT * FROM `n_type` ORDER BY id asc  [ RunTime:0.0003s ]
NOTIC: [8] Undefined variable: w /Users/henry/Sites/book/Application/Admin/Controller/BookController.class.php 第 252 行.
SQL: SELECT * FROM `n_book`  [ RunTime:0.0002s ]
INFO: [ view_parse ] --START--
INFO: [ template_filter ] --START--
INFO: Run Behavior\ContentReplaceBehavior [ RunTime:0.000126s ]
INFO: [ template_filter ] --END-- [ RunTime:0.000161s ]
INFO: Run Behavior\ParseTemplateBehavior [ RunTime:0.010019s ]
INFO: [ view_parse ] --END-- [ RunTime:0.010035s ]
INFO: [ view_filter ] --START--
INFO: Run Behavior\WriteHtmlCacheBehavior [ RunTime:0.000107s ]
INFO: [ view_filter ] --END-- [ RunTime:0.000118s ]
INFO: [ app_end ] --START--
INFO: Run Behavior\ShowPageTraceBehavior [ RunTime:0.000279s ]
INFO: [ app_end ] --END-- [ RunTime:0.000293s ]

[ 2019-04-11T13:06:58+08:00 ] ::1 /book/Admin/Book/elements.onpage-help.js
INFO: [ app_init ] --START--
INFO: Run Behavior\BuildLiteBehavior [ RunTime:0.000004s ]
INFO: [ app_init ] --END-- [ RunTime:0.000172s ]
INFO: [ app_begin ] --START--
INFO: Run Behavior\ReadHtmlCacheBehavior [ RunTime:0.000236s ]
INFO: [ app_begin ] --END-- [ RunTime:0.000266s ]
ERR: 非法操作:elements.onpage-help.js

[ 2019-04-11T13:06:58+08:00 ] ::1 /book/Admin/Book/ace.onpage-help.js
INFO: [ app_init ] --START--
INFO: Run Behavior\BuildLiteBehavior [ RunTime:0.000006s ]
INFO: [ app_init ] --END-- [ RunTime:0.000180s ]
INFO: [ app_begin ] --START--
INFO: Run Behavior\ReadHtmlCacheBehavior [ RunTime:0.000286s ]
INFO: [ app_begin ] --END-- [ RunTime:0.000300s ]
ERR: 非法操作:ace.onpage-help.js

[ 2019-04-11T13:06:58+08:00 ] ::1 /book/Admin/Book/elements.onpage-help.js
INFO: [ app_init ] --START--
INFO: Run Behavior\BuildLiteBehavior [ RunTime:0.000006s ]
INFO: [ app_init ] --END-- [ RunTime:0.000152s ]
INFO: [ app_begin ] --START--
INFO: Run Behavior\ReadHtmlCacheBehavior [ RunTime:0.000303s ]
INFO: [ app_begin ] --END-- [ RunTime:0.000335s ]
ERR: 非法操作:elements.onpage-help.js

[ 2019-04-11T13:06:58+08:00 ] ::1 /book/Admin/Book/ace.onpage-help.js
INFO: [ app_init ] --START--
INFO: Run Behavior\BuildLiteBehavior [ RunTime:0.000006s ]
INFO: [ app_init ] --END-- [ RunTime:0.000255s ]
INFO: [ app_begin ] --START--
INFO: Run Behavior\ReadHtmlCacheBehavior [ RunTime:0.000199s ]
INFO: [ app_begin ] --END-- [ RunTime:0.000213s ]
ERR: 非法操作:ace.onpage-help.js

[ 2019-04-11T13:07:07+08:00 ] ::1 /book/Admin/Book/book_doshow?id=315
INFO: [ app_init ] --START--
INFO: Run Behavior\BuildLiteBehavior [ RunTime:0.000007s ]
INFO: [ app_init ] --END-- [ RunTime:0.000188s ]
INFO: [ app_begin ] --START--
INFO: Run Behavior\ReadHtmlCacheBehavior [ RunTime:0.000302s ]
INFO: [ app_begin ] --END-- [ RunTime:0.000339s ]
SQL: SHOW COLUMNS FROM `n_book` [ RunTime:0.0011s ]
SQL: SELECT * FROM `n_book` WHERE `id` = 315 LIMIT 1   [ RunTime:0.0002s ]
SQL: UPDATE `n_book` SET `show`='2' WHERE `id` = 315 [ RunTime:0.0113s ]
INFO: [ view_parse ] --START--
INFO: [ template_filter ] --START--
INFO: Run Behavior\ContentReplaceBehavior [ RunTime:0.000030s ]
INFO: [ template_filter ] --END-- [ RunTime:0.000060s ]
INFO: Run Behavior\ParseTemplateBehavior [ RunTime:0.007585s ]
INFO: [ view_parse ] --END-- [ RunTime:0.007610s ]
INFO: [ view_filter ] --START--
INFO: Run Behavior\WriteHtmlCacheBehavior [ RunTime:0.000206s ]
INFO: [ view_filter ] --END-- [ RunTime:0.000220s ]
INFO: [ app_end ] --START--
INFO: Run Behavior\ShowPageTraceBehavior [ RunTime:0.000436s ]
INFO: [ app_end ] --END-- [ RunTime:0.000458s ]

[ 2019-04-11T13:07:08+08:00 ] ::1 /book/Admin/Book/book_list.html
INFO: [ app_init ] --START--
INFO: Run Behavior\BuildLiteBehavior [ RunTime:0.000008s ]
INFO: [ app_init ] --END-- [ RunTime:0.000219s ]
INFO: [ app_begin ] --START--
INFO: Run Behavior\ReadHtmlCacheBehavior [ RunTime:0.000327s ]
INFO: [ app_begin ] --END-- [ RunTime:0.000344s ]
SQL: SHOW COLUMNS FROM `n_admin` [ RunTime:0.0016s ]
SQL: SELECT * FROM `n_admin` WHERE `id` = 1 LIMIT 1   [ RunTime:0.0006s ]
SQL: SHOW COLUMNS FROM `n_book` [ RunTime:0.0008s ]
SQL: SHOW COLUMNS FROM `n_type` [ RunTime:0.0007s ]
SQL: SELECT * FROM `n_type` ORDER BY id asc  [ RunTime:0.0002s ]
NOTIC: [8] Undefined variable: w /Users/henry/Sites/book/Application/Admin/Controller/BookController.class.php 第 252 行.
SQL: SELECT * FROM `n_book`  [ RunTime:0.0002s ]
INFO: [ view_parse ] --START--
INFO: [ template_filter ] --START--
INFO: Run Behavior\ContentReplaceBehavior [ RunTime:0.000108s ]
INFO: [ template_filter ] --END-- [ RunTime:0.000134s ]
INFO: Run Behavior\ParseTemplateBehavior [ RunTime:0.009214s ]
INFO: [ view_parse ] --END-- [ RunTime:0.009232s ]
INFO: [ view_filter ] --START--
INFO: Run Behavior\WriteHtmlCacheBehavior [ RunTime:0.000113s ]
INFO: [ view_filter ] --END-- [ RunTime:0.000126s ]
INFO: [ app_end ] --START--
INFO: Run Behavior\ShowPageTraceBehavior [ RunTime:0.000300s ]
INFO: [ app_end ] --END-- [ RunTime:0.000314s ]

[ 2019-04-11T13:07:08+08:00 ] ::1 /book/Admin/Book/elements.onpage-help.js
INFO: [ app_init ] --START--
INFO: Run Behavior\BuildLiteBehavior [ RunTime:0.000007s ]
INFO: [ app_init ] --END-- [ RunTime:0.000160s ]
INFO: [ app_begin ] --START--
INFO: Run Behavior\ReadHtmlCacheBehavior [ RunTime:0.000217s ]
INFO: [ app_begin ] --END-- [ RunTime:0.000233s ]
ERR: 非法操作:elements.onpage-help.js

[ 2019-04-11T13:07:08+08:00 ] ::1 /book/Admin/Book/ace.onpage-help.js
INFO: [ app_init ] --START--
INFO: Run Behavior\BuildLiteBehavior [ RunTime:0.000006s ]
INFO: [ app_init ] --END-- [ RunTime:0.000266s ]
INFO: [ app_begin ] --START--
INFO: Run Behavior\ReadHtmlCacheBehavior [ RunTime:0.000249s ]
INFO: [ app_begin ] --END-- [ RunTime:0.000265s ]
ERR: 非法操作:ace.onpage-help.js

[ 2019-04-11T13:07:08+08:00 ] ::1 /book/Admin/Book/elements.onpage-help.js
INFO: [ app_init ] --START--
INFO: Run Behavior\BuildLiteBehavior [ RunTime:0.000006s ]
INFO: [ app_init ] --END-- [ RunTime:0.000185s ]
INFO: [ app_begin ] --START--
INFO: Run Behavior\ReadHtmlCacheBehavior [ RunTime:0.000241s ]
INFO: [ app_begin ] --END-- [ RunTime:0.000256s ]
ERR: 非法操作:elements.onpage-help.js

[ 2019-04-11T13:07:08+08:00 ] ::1 /book/Admin/Book/ace.onpage-help.js
INFO: [ app_init ] --START--
INFO: Run Behavior\BuildLiteBehavior [ RunTime:0.000007s ]
INFO: [ app_init ] --END-- [ RunTime:0.000188s ]
INFO: [ app_begin ] --START--
INFO: Run Behavior\ReadHtmlCacheBehavior [ RunTime:0.000244s ]
INFO: [ app_begin ] --END-- [ RunTime:0.000261s ]
ERR: 非法操作:ace.onpage-help.js

[ 2019-04-11T13:07:32+08:00 ] ::1 /book/Admin/Book/book_doshow?id=316
INFO: [ app_init ] --START--
INFO: Run Behavior\BuildLiteBehavior [ RunTime:0.000008s ]
INFO: [ app_init ] --END-- [ RunTime:0.000207s ]
INFO: [ app_begin ] --START--
INFO: Run Behavior\ReadHtmlCacheBehavior [ RunTime:0.000252s ]
INFO: [ app_begin ] --END-- [ RunTime:0.000273s ]
SQL: SHOW COLUMNS FROM `n_book` [ RunTime:0.0009s ]
SQL: SELECT * FROM `n_book` WHERE `id` = 316 LIMIT 1   [ RunTime:0.0002s ]
SQL: UPDATE `n_book` SET `show`='2' WHERE `id` = 316 [ RunTime:0.0006s ]
INFO: [ view_parse ] --START--
INFO: [ template_filter ] --START--
INFO: Run Behavior\ContentReplaceBehavior [ RunTime:0.000021s ]
INFO: [ template_filter ] --END-- [ RunTime:0.000039s ]
INFO: Run Behavior\ParseTemplateBehavior [ RunTime:0.006366s ]
INFO: [ view_parse ] --END-- [ RunTime:0.006384s ]
INFO: [ view_filter ] --START--
INFO: Run Behavior\WriteHtmlCacheBehavior [ RunTime:0.000094s ]
INFO: [ view_filter ] --END-- [ RunTime:0.000104s ]
INFO: [ app_end ] --START--
INFO: Run Behavior\ShowPageTraceBehavior [ RunTime:0.000270s ]
INFO: [ app_end ] --END-- [ RunTime:0.000280s ]

[ 2019-04-11T13:07:33+08:00 ] ::1 /book/Admin/Book/book_list.html
INFO: [ app_init ] --START--
INFO: Run Behavior\BuildLiteBehavior [ RunTime:0.000007s ]
INFO: [ app_init ] --END-- [ RunTime:0.000206s ]
INFO: [ app_begin ] --START--
INFO: Run Behavior\ReadHtmlCacheBehavior [ RunTime:0.000240s ]
INFO: [ app_begin ] --END-- [ RunTime:0.000256s ]
SQL: SHOW COLUMNS FROM `n_admin` [ RunTime:0.0013s ]
SQL: SELECT * FROM `n_admin` WHERE `id` = 1 LIMIT 1   [ RunTime:0.0005s ]
SQL: SHOW COLUMNS FROM `n_book` [ RunTime:0.0009s ]
SQL: SHOW COLUMNS FROM `n_type` [ RunTime:0.0030s ]
SQL: SELECT * FROM `n_type` ORDER BY id asc  [ RunTime:0.0006s ]
NOTIC: [8] Undefined variable: w /Users/henry/Sites/book/Application/Admin/Controller/BookController.class.php 第 252 行.
SQL: SELECT * FROM `n_book`  [ RunTime:0.0005s ]
INFO: [ view_parse ] --START--
INFO: [ template_filter ] --START--
INFO: Run Behavior\ContentReplaceBehavior [ RunTime:0.000108s ]
INFO: [ template_filter ] --END-- [ RunTime:0.000132s ]
INFO: Run Behavior\ParseTemplateBehavior [ RunTime:0.010847s ]
INFO: [ view_parse ] --END-- [ RunTime:0.010868s ]
INFO: [ view_filter ] --START--
INFO: Run Behavior\WriteHtmlCacheBehavior [ RunTime:0.000115s ]
INFO: [ view_filter ] --END-- [ RunTime:0.000128s ]
INFO: [ app_end ] --START--
INFO: Run Behavior\ShowPageTraceBehavior [ RunTime:0.000302s ]
INFO: [ app_end ] --END-- [ RunTime:0.000317s ]

[ 2019-04-11T13:07:33+08:00 ] ::1 /book/Admin/Book/elements.onpage-help.js
INFO: [ app_init ] --START--
INFO: Run Behavior\BuildLiteBehavior [ RunTime:0.000009s ]
INFO: [ app_init ] --END-- [ RunTime:0.000349s ]
INFO: [ app_begin ] --START--
INFO: Run Behavior\ReadHtmlCacheBehavior [ RunTime:0.001233s ]
INFO: [ app_begin ] --END-- [ RunTime:0.001293s ]
ERR: 非法操作:elements.onpage-help.js

[ 2019-04-11T13:07:33+08:00 ] ::1 /book/Admin/Book/ace.onpage-help.js
INFO: [ app_init ] --START--
INFO: Run Behavior\BuildLiteBehavior [ RunTime:0.000012s ]
INFO: [ app_init ] --END-- [ RunTime:0.000483s ]
INFO: [ app_begin ] --START--
INFO: Run Behavior\ReadHtmlCacheBehavior [ RunTime:0.001407s ]
INFO: [ app_begin ] --END-- [ RunTime:0.001454s ]
ERR: 非法操作:ace.onpage-help.js

[ 2019-04-11T13:07:33+08:00 ] ::1 /book/Admin/Book/elements.onpage-help.js
INFO: [ app_init ] --START--
INFO: Run Behavior\BuildLiteBehavior [ RunTime:0.000008s ]
INFO: [ app_init ] --END-- [ RunTime:0.000271s ]
INFO: [ app_begin ] --START--
INFO: Run Behavior\ReadHtmlCacheBehavior [ RunTime:0.000258s ]
INFO: [ app_begin ] --END-- [ RunTime:0.000280s ]
ERR: 非法操作:elements.onpage-help.js

[ 2019-04-11T13:07:33+08:00 ] ::1 /book/Admin/Book/ace.onpage-help.js
INFO: [ app_init ] --START--
INFO: Run Behavior\BuildLiteBehavior [ RunTime:0.000006s ]
INFO: [ app_init ] --END-- [ RunTime:0.000146s ]
INFO: [ app_begin ] --START--
INFO: Run Behavior\ReadHtmlCacheBehavior [ RunTime:0.000264s ]
INFO: [ app_begin ] --END-- [ RunTime:0.000283s ]
ERR: 非法操作:ace.onpage-help.js

[ 2019-04-11T13:07:35+08:00 ] ::1 /book/Admin/Book/book_doshow?id=317
INFO: [ app_init ] --START--
INFO: Run Behavior\BuildLiteBehavior [ RunTime:0.000007s ]
INFO: [ app_init ] --END-- [ RunTime:0.000180s ]
INFO: [ app_begin ] --START--
INFO: Run Behavior\ReadHtmlCacheBehavior [ RunTime:0.000851s ]
INFO: [ app_begin ] --END-- [ RunTime:0.000937s ]
SQL: SHOW COLUMNS FROM `n_book` [ RunTime:0.0012s ]
SQL: SELECT * FROM `n_book` WHERE `id` = 317 LIMIT 1   [ RunTime:0.0003s ]
SQL: UPDATE `n_book` SET `show`='2' WHERE `id` = 317 [ RunTime:0.0006s ]
INFO: [ view_parse ] --START--
INFO: [ template_filter ] --START--
INFO: Run Behavior\ContentReplaceBehavior [ RunTime:0.000024s ]
INFO: [ template_filter ] --END-- [ RunTime:0.000043s ]
INFO: Run Behavior\ParseTemplateBehavior [ RunTime:0.003569s ]
INFO: [ view_parse ] --END-- [ RunTime:0.003597s ]
INFO: [ view_filter ] --START--
INFO: Run Behavior\WriteHtmlCacheBehavior [ RunTime:0.000140s ]
INFO: [ view_filter ] --END-- [ RunTime:0.000150s ]
INFO: [ app_end ] --START--
INFO: Run Behavior\ShowPageTraceBehavior [ RunTime:0.000285s ]
INFO: [ app_end ] --END-- [ RunTime:0.000298s ]

[ 2019-04-11T13:07:36+08:00 ] ::1 /book/Admin/Book/book_list.html
INFO: [ app_init ] --START--
INFO: Run Behavior\BuildLiteBehavior [ RunTime:0.000006s ]
INFO: [ app_init ] --END-- [ RunTime:0.000161s ]
INFO: [ app_begin ] --START--
INFO: Run Behavior\ReadHtmlCacheBehavior [ RunTime:0.000203s ]
INFO: [ app_begin ] --END-- [ RunTime:0.000218s ]
SQL: SHOW COLUMNS FROM `n_admin` [ RunTime:0.0011s ]
SQL: SELECT * FROM `n_admin` WHERE `id` = 1 LIMIT 1   [ RunTime:0.0004s ]
SQL: SHOW COLUMNS FROM `n_book` [ RunTime:0.0008s ]
SQL: SHOW COLUMNS FROM `n_type` [ RunTime:0.0011s ]
SQL: SELECT * FROM `n_type` ORDER BY id asc  [ RunTime:0.0004s ]
NOTIC: [8] Undefined variable: w /Users/henry/Sites/book/Application/Admin/Controller/BookController.class.php 第 252 行.
SQL: SELECT * FROM `n_book`  [ RunTime:0.0003s ]
INFO: [ view_parse ] --START--
INFO: [ template_filter ] --START--
INFO: Run Behavior\ContentReplaceBehavior [ RunTime:0.000116s ]
INFO: [ template_filter ] --END-- [ RunTime:0.000139s ]
INFO: Run Behavior\ParseTemplateBehavior [ RunTime:0.008912s ]
INFO: [ view_parse ] --END-- [ RunTime:0.008934s ]
INFO: [ view_filter ] --START--
INFO: Run Behavior\WriteHtmlCacheBehavior [ RunTime:0.000112s ]
INFO: [ view_filter ] --END-- [ RunTime:0.000121s ]
INFO: [ app_end ] --START--
INFO: Run Behavior\ShowPageTraceBehavior [ RunTime:0.000445s ]
INFO: [ app_end ] --END-- [ RunTime:0.000469s ]

[ 2019-04-11T13:07:36+08:00 ] ::1 /book/Admin/Book/elements.onpage-help.js
INFO: [ app_init ] --START--
INFO: Run Behavior\BuildLiteBehavior [ RunTime:0.000011s ]
INFO: [ app_init ] --END-- [ RunTime:0.000622s ]
INFO: [ app_begin ] --START--
INFO: Run Behavior\ReadHtmlCacheBehavior [ RunTime:0.000568s ]
INFO: [ app_begin ] --END-- [ RunTime:0.000604s ]
ERR: 非法操作:elements.onpage-help.js

[ 2019-04-11T13:07:36+08:00 ] ::1 /book/Admin/Book/ace.onpage-help.js
INFO: [ app_init ] --START--
INFO: Run Behavior\BuildLiteBehavior [ RunTime:0.000010s ]
INFO: [ app_init ] --END-- [ RunTime:0.000269s ]
INFO: [ app_begin ] --START--
INFO: Run Behavior\ReadHtmlCacheBehavior [ RunTime:0.001437s ]
INFO: [ app_begin ] --END-- [ RunTime:0.001502s ]
ERR: 非法操作:ace.onpage-help.js

[ 2019-04-11T13:07:36+08:00 ] ::1 /book/Admin/Book/elements.onpage-help.js
INFO: [ app_init ] --START--
INFO: Run Behavior\BuildLiteBehavior [ RunTime:0.000006s ]
INFO: [ app_init ] --END-- [ RunTime:0.000168s ]
INFO: [ app_begin ] --START--
INFO: Run Behavior\ReadHtmlCacheBehavior [ RunTime:0.000201s ]
INFO: [ app_begin ] --END-- [ RunTime:0.000216s ]
ERR: 非法操作:elements.onpage-help.js

[ 2019-04-11T13:07:36+08:00 ] ::1 /book/Admin/Book/ace.onpage-help.js
INFO: [ app_init ] --START--
INFO: Run Behavior\BuildLiteBehavior [ RunTime:0.000007s ]
INFO: [ app_init ] --END-- [ RunTime:0.000152s ]
INFO: [ app_begin ] --START--
INFO: Run Behavior\ReadHtmlCacheBehavior [ RunTime:0.000190s ]
INFO: [ app_begin ] --END-- [ RunTime:0.000204s ]
ERR: 非法操作:ace.onpage-help.js

[ 2019-04-11T13:07:37+08:00 ] ::1 /book/Admin/Book/book_list?sex=2
INFO: [ app_init ] --START--
INFO: Run Behavior\BuildLiteBehavior [ RunTime:0.000006s ]
INFO: [ app_init ] --END-- [ RunTime:0.000185s ]
INFO: [ app_begin ] --START--
INFO: Run Behavior\ReadHtmlCacheBehavior [ RunTime:0.000230s ]
INFO: [ app_begin ] --END-- [ RunTime:0.000245s ]
SQL: SHOW COLUMNS FROM `n_admin` [ RunTime:0.0010s ]
SQL: SELECT * FROM `n_admin` WHERE `id` = 1 LIMIT 1   [ RunTime:0.0006s ]
SQL: SHOW COLUMNS FROM `n_book` [ RunTime:0.0011s ]
SQL: SHOW COLUMNS FROM `n_type` [ RunTime:0.0009s ]
SQL: SELECT * FROM `n_type` ORDER BY id asc  [ RunTime:0.0006s ]
SQL: SELECT * FROM `n_book` WHERE `sex` = 2  [ RunTime:0.0004s ]
INFO: [ view_parse ] --START--
INFO: [ template_filter ] --START--
INFO: Run Behavior\ContentReplaceBehavior [ RunTime:0.000105s ]
INFO: [ template_filter ] --END-- [ RunTime:0.000126s ]
INFO: Run Behavior\ParseTemplateBehavior [ RunTime:0.008602s ]
INFO: [ view_parse ] --END-- [ RunTime:0.008621s ]
INFO: [ view_filter ] --START--
INFO: Run Behavior\WriteHtmlCacheBehavior [ RunTime:0.000116s ]
INFO: [ view_filter ] --END-- [ RunTime:0.000127s ]
INFO: [ app_end ] --START--
INFO: Run Behavior\ShowPageTraceBehavior [ RunTime:0.000354s ]
INFO: [ app_end ] --END-- [ RunTime:0.000372s ]

[ 2019-04-11T13:07:37+08:00 ] ::1 /book/Admin/Book/ace.onpage-help.js
INFO: [ app_init ] --START--
INFO: Run Behavior\BuildLiteBehavior [ RunTime:0.000005s ]
INFO: [ app_init ] --END-- [ RunTime:0.000143s ]
INFO: [ app_begin ] --START--
INFO: Run Behavior\ReadHtmlCacheBehavior [ RunTime:0.000262s ]
INFO: [ app_begin ] --END-- [ RunTime:0.000283s ]
ERR: 非法操作:ace.onpage-help.js

[ 2019-04-11T13:07:37+08:00 ] ::1 /book/Admin/Book/elements.onpage-help.js
INFO: [ app_init ] --START--
INFO: Run Behavior\BuildLiteBehavior [ RunTime:0.000005s ]
INFO: [ app_init ] --END-- [ RunTime:0.000144s ]
INFO: [ app_begin ] --START--
INFO: Run Behavior\ReadHtmlCacheBehavior [ RunTime:0.000310s ]
INFO: [ app_begin ] --END-- [ RunTime:0.000326s ]
ERR: 非法操作:elements.onpage-help.js

[ 2019-04-11T13:07:37+08:00 ] ::1 /book/Admin/Book/elements.onpage-help.js
INFO: [ app_init ] --START--
INFO: Run Behavior\BuildLiteBehavior [ RunTime:0.000009s ]
INFO: [ app_init ] --END-- [ RunTime:0.000210s ]
INFO: [ app_begin ] --START--
INFO: Run Behavior\ReadHtmlCacheBehavior [ RunTime:0.000418s ]
INFO: [ app_begin ] --END-- [ RunTime:0.000507s ]
ERR: 非法操作:elements.onpage-help.js

[ 2019-04-11T13:07:37+08:00 ] ::1 /book/Admin/Book/ace.onpage-help.js
INFO: [ app_init ] --START--
INFO: Run Behavior\BuildLiteBehavior [ RunTime:0.000008s ]
INFO: [ app_init ] --END-- [ RunTime:0.000261s ]
INFO: [ app_begin ] --START--
INFO: Run Behavior\ReadHtmlCacheBehavior [ RunTime:0.000327s ]
INFO: [ app_begin ] --END-- [ RunTime:0.000365s ]
ERR: 非法操作:ace.onpage-help.js

[ 2019-04-11T13:07:42+08:00 ] ::1 /book/Admin/Book/book_list?sex=1
INFO: [ app_init ] --START--
INFO: Run Behavior\BuildLiteBehavior [ RunTime:0.000007s ]
INFO: [ app_init ] --END-- [ RunTime:0.000247s ]
INFO: [ app_begin ] --START--
INFO: Run Behavior\ReadHtmlCacheBehavior [ RunTime:0.000226s ]
INFO: [ app_begin ] --END-- [ RunTime:0.000243s ]
SQL: SHOW COLUMNS FROM `n_admin` [ RunTime:0.0010s ]
SQL: SELECT * FROM `n_admin` WHERE `id` = 1 LIMIT 1   [ RunTime:0.0004s ]
SQL: SHOW COLUMNS FROM `n_book` [ RunTime:0.0007s ]
SQL: SHOW COLUMNS FROM `n_type` [ RunTime:0.0007s ]
SQL: SELECT * FROM `n_type` ORDER BY id asc  [ RunTime:0.0005s ]
SQL: SELECT * FROM `n_book` WHERE `sex` = 1  [ RunTime:0.0003s ]
INFO: [ view_parse ] --START--
INFO: [ template_filter ] --START--
INFO: Run Behavior\ContentReplaceBehavior [ RunTime:0.000109s ]
INFO: [ template_filter ] --END-- [ RunTime:0.000133s ]
INFO: Run Behavior\ParseTemplateBehavior [ RunTime:0.009023s ]
INFO: [ view_parse ] --END-- [ RunTime:0.009042s ]
INFO: [ view_filter ] --START--
INFO: Run Behavior\WriteHtmlCacheBehavior [ RunTime:0.000115s ]
INFO: [ view_filter ] --END-- [ RunTime:0.000127s ]
INFO: [ app_end ] --START--
INFO: Run Behavior\ShowPageTraceBehavior [ RunTime:0.000295s ]
INFO: [ app_end ] --END-- [ RunTime:0.000310s ]

[ 2019-04-11T13:07:42+08:00 ] ::1 /book/Admin/Book/elements.onpage-help.js
INFO: [ app_init ] --START--
INFO: Run Behavior\BuildLiteBehavior [ RunTime:0.000006s ]
INFO: [ app_init ] --END-- [ RunTime:0.000152s ]
INFO: [ app_begin ] --START--
INFO: Run Behavior\ReadHtmlCacheBehavior [ RunTime:0.000207s ]
INFO: [ app_begin ] --END-- [ RunTime:0.000220s ]
ERR: 非法操作:elements.onpage-help.js

[ 2019-04-11T13:07:42+08:00 ] ::1 /book/Admin/Book/ace.onpage-help.js
INFO: [ app_init ] --START--
INFO: Run Behavior\BuildLiteBehavior [ RunTime:0.000005s ]
INFO: [ app_init ] --END-- [ RunTime:0.000175s ]
INFO: [ app_begin ] --START--
INFO: Run Behavior\ReadHtmlCacheBehavior [ RunTime:0.000196s ]
INFO: [ app_begin ] --END-- [ RunTime:0.000210s ]
ERR: 非法操作:ace.onpage-help.js

[ 2019-04-11T13:07:42+08:00 ] ::1 /book/Admin/Book/elements.onpage-help.js
INFO: [ app_init ] --START--
INFO: Run Behavior\BuildLiteBehavior [ RunTime:0.000008s ]
INFO: [ app_init ] --END-- [ RunTime:0.000233s ]
INFO: [ app_begin ] --START--
INFO: Run Behavior\ReadHtmlCacheBehavior [ RunTime:0.000246s ]
INFO: [ app_begin ] --END-- [ RunTime:0.000266s ]
ERR: 非法操作:elements.onpage-help.js

[ 2019-04-11T13:07:42+08:00 ] ::1 /book/Admin/Book/ace.onpage-help.js
INFO: [ app_init ] --START--
INFO: Run Behavior\BuildLiteBehavior [ RunTime:0.000006s ]
INFO: [ app_init ] --END-- [ RunTime:0.000157s ]
INFO: [ app_begin ] --START--
INFO: Run Behavior\ReadHtmlCacheBehavior [ RunTime:0.000248s ]
INFO: [ app_begin ] --END-- [ RunTime:0.000266s ]
ERR: 非法操作:ace.onpage-help.js

[ 2019-04-11T13:08:21+08:00 ] ::1 /book/Admin/Book/book_list.html
INFO: [ app_init ] --START--
INFO: Run Behavior\BuildLiteBehavior [ RunTime:0.000008s ]
INFO: [ app_init ] --END-- [ RunTime:0.000504s ]
INFO: [ app_begin ] --START--
INFO: Run Behavior\ReadHtmlCacheBehavior [ RunTime:0.000739s ]
INFO: [ app_begin ] --END-- [ RunTime:0.000757s ]
SQL: SHOW COLUMNS FROM `n_admin` [ RunTime:0.0032s ]
SQL: SELECT * FROM `n_admin` WHERE `id` = 1 LIMIT 1   [ RunTime:0.0003s ]
SQL: SHOW COLUMNS FROM `n_book` [ RunTime:0.0008s ]
SQL: SHOW COLUMNS FROM `n_type` [ RunTime:0.0007s ]
SQL: SELECT * FROM `n_type` ORDER BY id asc  [ RunTime:0.0004s ]
NOTIC: [8] Undefined variable: w /Users/henry/Sites/book/Application/Admin/Controller/BookController.class.php 第 252 行.
SQL: SELECT * FROM `n_book`  [ RunTime:0.0004s ]
INFO: [ view_parse ] --START--
INFO: [ template_filter ] --START--
INFO: Run Behavior\ContentReplaceBehavior [ RunTime:0.000149s ]
INFO: [ template_filter ] --END-- [ RunTime:0.000192s ]
INFO: Run Behavior\ParseTemplateBehavior [ RunTime:0.013563s ]
INFO: [ view_parse ] --END-- [ RunTime:0.013587s ]
INFO: [ view_filter ] --START--
INFO: Run Behavior\WriteHtmlCacheBehavior [ RunTime:0.000504s ]
INFO: [ view_filter ] --END-- [ RunTime:0.000522s ]
INFO: [ app_end ] --START--
INFO: Run Behavior\ShowPageTraceBehavior [ RunTime:0.000873s ]
INFO: [ app_end ] --END-- [ RunTime:0.000910s ]

[ 2019-04-11T13:08:21+08:00 ] ::1 /book/Admin/Book/elements.onpage-help.js
INFO: [ app_init ] --START--
INFO: Run Behavior\BuildLiteBehavior [ RunTime:0.000006s ]
INFO: [ app_init ] --END-- [ RunTime:0.000225s ]
INFO: [ app_begin ] --START--
INFO: Run Behavior\ReadHtmlCacheBehavior [ RunTime:0.000338s ]
INFO: [ app_begin ] --END-- [ RunTime:0.000366s ]
ERR: 非法操作:elements.onpage-help.js

[ 2019-04-11T13:08:21+08:00 ] ::1 /book/Admin/Book/ace.onpage-help.js
INFO: [ app_init ] --START--
INFO: Run Behavior\BuildLiteBehavior [ RunTime:0.000055s ]
INFO: [ app_init ] --END-- [ RunTime:0.000599s ]
INFO: [ app_begin ] --START--
INFO: Run Behavior\ReadHtmlCacheBehavior [ RunTime:0.000711s ]
INFO: [ app_begin ] --END-- [ RunTime:0.000750s ]
ERR: 非法操作:ace.onpage-help.js

[ 2019-04-11T13:08:21+08:00 ] ::1 /book/Admin/Book/elements.onpage-help.js
INFO: [ app_init ] --START--
INFO: Run Behavior\BuildLiteBehavior [ RunTime:0.000009s ]
INFO: [ app_init ] --END-- [ RunTime:0.000500s ]
INFO: [ app_begin ] --START--
INFO: Run Behavior\ReadHtmlCacheBehavior [ RunTime:0.000388s ]
INFO: [ app_begin ] --END-- [ RunTime:0.000499s ]
ERR: 非法操作:elements.onpage-help.js

[ 2019-04-11T13:08:21+08:00 ] ::1 /book/Admin/Book/ace.onpage-help.js
INFO: [ app_init ] --START--
INFO: Run Behavior\BuildLiteBehavior [ RunTime:0.000007s ]
INFO: [ app_init ] --END-- [ RunTime:0.000150s ]
INFO: [ app_begin ] --START--
INFO: Run Behavior\ReadHtmlCacheBehavior [ RunTime:0.000229s ]
INFO: [ app_begin ] --END-- [ RunTime:0.000244s ]
ERR: 非法操作:ace.onpage-help.js

[ 2019-04-11T13:08:21+08:00 ] ::1 /book/Admin/Book/book_list.html
INFO: [ app_init ] --START--
INFO: Run Behavior\BuildLiteBehavior [ RunTime:0.000006s ]
INFO: [ app_init ] --END-- [ RunTime:0.000176s ]
INFO: [ app_begin ] --START--
INFO: Run Behavior\ReadHtmlCacheBehavior [ RunTime:0.000227s ]
INFO: [ app_begin ] --END-- [ RunTime:0.000243s ]
SQL: SHOW COLUMNS FROM `n_admin` [ RunTime:0.0008s ]
SQL: SELECT * FROM `n_admin` WHERE `id` = 1 LIMIT 1   [ RunTime:0.0002s ]
SQL: SHOW COLUMNS FROM `n_book` [ RunTime:0.0007s ]
SQL: SHOW COLUMNS FROM `n_type` [ RunTime:0.0005s ]
SQL: SELECT * FROM `n_type` ORDER BY id asc  [ RunTime:0.0003s ]
NOTIC: [8] Undefined variable: w /Users/henry/Sites/book/Application/Admin/Controller/BookController.class.php 第 252 行.
SQL: SELECT * FROM `n_book`  [ RunTime:0.0003s ]
INFO: [ view_parse ] --START--
INFO: [ template_filter ] --START--
INFO: Run Behavior\ContentReplaceBehavior [ RunTime:0.000113s ]
INFO: [ template_filter ] --END-- [ RunTime:0.000138s ]
INFO: Run Behavior\ParseTemplateBehavior [ RunTime:0.008950s ]
INFO: [ view_parse ] --END-- [ RunTime:0.008975s ]
INFO: [ view_filter ] --START--
INFO: Run Behavior\WriteHtmlCacheBehavior [ RunTime:0.000140s ]
INFO: [ view_filter ] --END-- [ RunTime:0.000153s ]
INFO: [ app_end ] --START--
INFO: Run Behavior\ShowPageTraceBehavior [ RunTime:0.000408s ]
INFO: [ app_end ] --END-- [ RunTime:0.000424s ]

[ 2019-04-11T13:08:21+08:00 ] ::1 /book/Admin/Book/ace.onpage-help.js
INFO: [ app_init ] --START--
INFO: Run Behavior\BuildLiteBehavior [ RunTime:0.000008s ]
INFO: [ app_init ] --END-- [ RunTime:0.000204s ]
INFO: [ app_begin ] --START--
INFO: Run Behavior\ReadHtmlCacheBehavior [ RunTime:0.000298s ]
INFO: [ app_begin ] --END-- [ RunTime:0.000319s ]
ERR: 非法操作:ace.onpage-help.js

[ 2019-04-11T13:08:21+08:00 ] ::1 /book/Admin/Book/elements.onpage-help.js
INFO: [ app_init ] --START--
INFO: Run Behavior\BuildLiteBehavior [ RunTime:0.000007s ]
INFO: [ app_init ] --END-- [ RunTime:0.000261s ]
INFO: [ app_begin ] --START--
INFO: Run Behavior\ReadHtmlCacheBehavior [ RunTime:0.000260s ]
INFO: [ app_begin ] --END-- [ RunTime:0.000278s ]
ERR: 非法操作:elements.onpage-help.js

[ 2019-04-11T13:08:21+08:00 ] ::1 /book/Admin/Book/elements.onpage-help.js
INFO: [ app_init ] --START--
INFO: Run Behavior\BuildLiteBehavior [ RunTime:0.000007s ]
INFO: [ app_init ] --END-- [ RunTime:0.000225s ]
INFO: [ app_begin ] --START--
INFO: Run Behavior\ReadHtmlCacheBehavior [ RunTime:0.000217s ]
INFO: [ app_begin ] --END-- [ RunTime:0.000234s ]
ERR: 非法操作:elements.onpage-help.js

[ 2019-04-11T13:08:21+08:00 ] ::1 /book/Admin/Book/ace.onpage-help.js
INFO: [ app_init ] --START--
INFO: Run Behavior\BuildLiteBehavior [ RunTime:0.000010s ]
INFO: [ app_init ] --END-- [ RunTime:0.000190s ]
INFO: [ app_begin ] --START--
INFO: Run Behavior\ReadHtmlCacheBehavior [ RunTime:0.000208s ]
INFO: [ app_begin ] --END-- [ RunTime:0.000221s ]
ERR: 非法操作:ace.onpage-help.js

[ 2019-04-11T21:47:48+08:00 ] ::1 /book/admin
INFO: [ app_init ] --START--
INFO: Run Behavior\BuildLiteBehavior [ RunTime:0.000011s ]
INFO: [ app_init ] --END-- [ RunTime:0.000231s ]
INFO: [ app_begin ] --START--
INFO: Run Behavior\ReadHtmlCacheBehavior [ RunTime:0.000235s ]
INFO: [ app_begin ] --END-- [ RunTime:0.000255s ]
NOTIC: [2] Declaration of Admin\Controller\IndexController::show() should be compatible with Think\Controller::show($content, $charset = '', $contentType = '', $prefix = '') /Users/henry/Sites/book/Application/Admin/Controller/IndexController.class.php 第 135 行.

[ 2019-04-11T21:47:48+08:00 ] ::1 /book/Admin/Login/login.html
INFO: [ app_init ] --START--
INFO: Run Behavior\BuildLiteBehavior [ RunTime:0.000005s ]
INFO: [ app_init ] --END-- [ RunTime:0.000176s ]
INFO: [ app_begin ] --START--
INFO: Run Behavior\ReadHtmlCacheBehavior [ RunTime:0.000237s ]
INFO: [ app_begin ] --END-- [ RunTime:0.000252s ]
INFO: [ view_parse ] --START--
INFO: [ template_filter ] --START--
INFO: Run Behavior\ContentReplaceBehavior [ RunTime:0.000044s ]
INFO: [ template_filter ] --END-- [ RunTime:0.000068s ]
INFO: Run Behavior\ParseTemplateBehavior [ RunTime:0.006247s ]
INFO: [ view_parse ] --END-- [ RunTime:0.006273s ]
INFO: [ view_filter ] --START--
INFO: Run Behavior\WriteHtmlCacheBehavior [ RunTime:0.000248s ]
INFO: [ view_filter ] --END-- [ RunTime:0.000266s ]
INFO: [ app_end ] --START--
INFO: Run Behavior\ShowPageTraceBehavior [ RunTime:0.000341s ]
INFO: [ app_end ] --END-- [ RunTime:0.000363s ]

[ 2019-04-11T21:47:57+08:00 ] ::1 /book/Admin/Login/doLogin
INFO: [ app_init ] --START--
INFO: Run Behavior\BuildLiteBehavior [ RunTime:0.000007s ]
INFO: [ app_init ] --END-- [ RunTime:0.000282s ]
INFO: [ app_begin ] --START--
INFO: Run Behavior\ReadHtmlCacheBehavior [ RunTime:0.000217s ]
INFO: [ app_begin ] --END-- [ RunTime:0.000234s ]
SQL: SHOW COLUMNS FROM `n_admin` [ RunTime:0.2238s ]
SQL: SELECT COUNT(*) AS tp_count FROM `n_admin` WHERE `username` = 'admin' AND `password` = '202cb962ac59075b964b07152d234b70' LIMIT 1   [ RunTime:0.2205s ]
SQL: SELECT * FROM `n_admin` WHERE `username` = 'admin' AND `password` = '202cb962ac59075b964b07152d234b70' LIMIT 1   [ RunTime:0.2144s ]

[ 2019-04-11T21:47:58+08:00 ] ::1 /book/Admin/Index/index.html
INFO: [ app_init ] --START--
INFO: Run Behavior\BuildLiteBehavior [ RunTime:0.000006s ]
INFO: [ app_init ] --END-- [ RunTime:0.000182s ]
INFO: [ app_begin ] --START--
INFO: Run Behavior\ReadHtmlCacheBehavior [ RunTime:0.000231s ]
INFO: [ app_begin ] --END-- [ RunTime:0.000246s ]
NOTIC: [2] Declaration of Admin\Controller\IndexController::show() should be compatible with Think\Controller::show($content, $charset = '', $contentType = '', $prefix = '') /Users/henry/Sites/book/Application/Admin/Controller/IndexController.class.php 第 135 行.
SQL: SHOW COLUMNS FROM `n_admin` [ RunTime:0.2313s ]
SQL: SELECT * FROM `n_admin` WHERE `id` = 1 LIMIT 1   [ RunTime:0.2180s ]
SQL: SHOW COLUMNS FROM `n_news` [ RunTime:0.2097s ]
SQL: SELECT * FROM `n_news` WHERE `show` <> 3 ORDER BY time DESC  [ RunTime:0.2237s ]
INFO: [ view_parse ] --START--
INFO: [ template_filter ] --START--
INFO: Run Behavior\ContentReplaceBehavior [ RunTime:0.000118s ]
INFO: [ template_filter ] --END-- [ RunTime:0.000145s ]
INFO: Run Behavior\ParseTemplateBehavior [ RunTime:0.015548s ]
INFO: [ view_parse ] --END-- [ RunTime:0.015584s ]
INFO: [ view_filter ] --START--
INFO: Run Behavior\WriteHtmlCacheBehavior [ RunTime:0.000139s ]
INFO: [ view_filter ] --END-- [ RunTime:0.000155s ]
INFO: [ app_end ] --START--
INFO: Run Behavior\ShowPageTraceBehavior [ RunTime:0.000387s ]
INFO: [ app_end ] --END-- [ RunTime:0.000407s ]

[ 2019-04-11T21:48:12+08:00 ] ::1 /book/Admin/Book/book_list.html
INFO: [ app_init ] --START--
INFO: Run Behavior\BuildLiteBehavior [ RunTime:0.000005s ]
INFO: [ app_init ] --END-- [ RunTime:0.000143s ]
INFO: [ app_begin ] --START--
INFO: Run Behavior\ReadHtmlCacheBehavior [ RunTime:0.000226s ]
INFO: [ app_begin ] --END-- [ RunTime:0.000241s ]
SQL: SHOW COLUMNS FROM `n_admin` [ RunTime:0.2809s ]
SQL: SELECT * FROM `n_admin` WHERE `id` = 1 LIMIT 1   [ RunTime:0.2302s ]
SQL: SHOW COLUMNS FROM `n_book` [ RunTime:0.2255s ]
SQL: SHOW COLUMNS FROM `n_type` [ RunTime:0.2291s ]
SQL: SELECT * FROM `n_type` ORDER BY id asc  [ RunTime:0.2373s ]
NOTIC: [8] Undefined variable: w /Users/henry/Sites/book/Application/Admin/Controller/BookController.class.php 第 252 行.
SQL: SELECT * FROM `n_book`  [ RunTime:0.2316s ]
INFO: [ view_parse ] --START--
INFO: [ template_filter ] --START--
INFO: Run Behavior\ContentReplaceBehavior [ RunTime:0.000147s ]
INFO: [ template_filter ] --END-- [ RunTime:0.000173s ]
INFO: Run Behavior\ParseTemplateBehavior [ RunTime:0.015144s ]
INFO: [ view_parse ] --END-- [ RunTime:0.015172s ]
INFO: [ view_filter ] --START--
INFO: Run Behavior\WriteHtmlCacheBehavior [ RunTime:0.000128s ]
INFO: [ view_filter ] --END-- [ RunTime:0.000142s ]
INFO: [ app_end ] --START--
INFO: Run Behavior\ShowPageTraceBehavior [ RunTime:0.000348s ]
INFO: [ app_end ] --END-- [ RunTime:0.000365s ]

[ 2019-04-11T21:48:12+08:00 ] ::1 /book/Admin/Book/elements.onpage-help.js
INFO: [ app_init ] --START--
INFO: Run Behavior\BuildLiteBehavior [ RunTime:0.000006s ]
INFO: [ app_init ] --END-- [ RunTime:0.000146s ]
INFO: [ app_begin ] --START--
INFO: Run Behavior\ReadHtmlCacheBehavior [ RunTime:0.000182s ]
INFO: [ app_begin ] --END-- [ RunTime:0.000194s ]
ERR: 非法操作:elements.onpage-help.js

[ 2019-04-11T21:48:12+08:00 ] ::1 /book/Admin/Book/ace.onpage-help.js
INFO: [ app_init ] --START--
INFO: Run Behavior\BuildLiteBehavior [ RunTime:0.000005s ]
INFO: [ app_init ] --END-- [ RunTime:0.000139s ]
INFO: [ app_begin ] --START--
INFO: Run Behavior\ReadHtmlCacheBehavior [ RunTime:0.000183s ]
INFO: [ app_begin ] --END-- [ RunTime:0.000196s ]
ERR: 非法操作:ace.onpage-help.js

[ 2019-04-11T21:48:12+08:00 ] ::1 /book/Admin/Book/elements.onpage-help.js
INFO: [ app_init ] --START--
INFO: Run Behavior\BuildLiteBehavior [ RunTime:0.000009s ]
INFO: [ app_init ] --END-- [ RunTime:0.000226s ]
INFO: [ app_begin ] --START--
INFO: Run Behavior\ReadHtmlCacheBehavior [ RunTime:0.000255s ]
INFO: [ app_begin ] --END-- [ RunTime:0.000275s ]
ERR: 非法操作:elements.onpage-help.js

[ 2019-04-11T21:48:12+08:00 ] ::1 /book/Admin/Book/ace.onpage-help.js
INFO: [ app_init ] --START--
INFO: Run Behavior\BuildLiteBehavior [ RunTime:0.000006s ]
INFO: [ app_init ] --END-- [ RunTime:0.000234s ]
INFO: [ app_begin ] --START--
INFO: Run Behavior\ReadHtmlCacheBehavior [ RunTime:0.000232s ]
INFO: [ app_begin ] --END-- [ RunTime:0.000247s ]
ERR: 非法操作:ace.onpage-help.js

